2026-07-04 19:11:54,549 INFO tkc.main: === TKC pipeline iniciado (ZTE ZXA10 C320) ===
2026-07-04 19:11:54,552 INFO tkc.classifier: Classifier: 19 archivo(s) encontrado(s) en docs
2026-07-04 19:11:54,552 WARNING tkc.util: Tipo de archivo no soportado para lectura de texto: .gitkeep
2026-07-04 19:11:54,553 INFO tkc.classifier:   .gitkeep → vendor=None family=None doc_type=None conf=0.00 status=unclassified
2026-07-04 19:11:54,553 INFO tkc.classifier:   ZTE-AN-CHASSIS-MIB.mib → vendor=ZTE family=ZXA10 C320 doc_type=mib_file conf=1.00 status=classified
2026-07-04 19:11:54,554 INFO tkc.classifier:   ZTE-AN-ENVMON-MIB.mib → vendor=ZTE family=ZXA10 C320 doc_type=mib_file conf=1.00 status=classified
2026-07-04 19:11:54,555 INFO tkc.classifier:   ZTE-AN-GPON-ONUPRF-MIB.mib → vendor=ZTE family=ZXA10 C320 doc_type=mib_file conf=1.00 status=classified
2026-07-04 19:11:54,555 INFO tkc.classifier:   ZTE-AN-INTERFACE-BASE-MIB.mib → vendor=ZTE family=ZXA10 C320 doc_type=mib_file conf=1.00 status=classified
2026-07-04 19:11:54,555 INFO tkc.classifier:   ZTE-AN-OPTICAL-MODULE-MIB.mib → vendor=ZTE family=ZXA10 C320 doc_type=mib_file conf=1.00 status=classified
2026-07-04 19:11:54,556 INFO tkc.classifier:   ZTE-AN-OPTICAL-MODULE-PERF-MIB.mib → vendor=ZTE family=ZXA10 C320 doc_type=mib_file conf=1.00 status=classified
2026-07-04 19:11:54,556 INFO tkc.classifier:   ZTE-AN-PON-BASE-MIB.mib → vendor=ZTE family=ZXA10 C320 doc_type=mib_file conf=1.00 status=classified
2026-07-04 19:11:54,559 INFO tkc.classifier:   ZTE-AN-PON-PERF-MIB.mib → vendor=ZTE family=ZXA10 C320 doc_type=mib_file conf=1.00 status=classified
2026-07-04 19:11:54,559 INFO tkc.classifier:   ZTE-AN-SERVICE-PORT-MIB.mib → vendor=ZTE family=ZXA10 C320 doc_type=mib_file conf=1.00 status=classified
2026-07-04 19:11:54,559 INFO tkc.classifier:   ZTE-AN-SERVICE-PORT-PERF-MIB.mib → vendor=ZTE family=ZXA10 C320 doc_type=mib_file conf=1.00 status=classified
2026-07-04 19:11:54,559 INFO tkc.classifier:   ZTE-AN-SMI.mib → vendor=ZTE family=ZXA10 C320 doc_type=mib_file conf=1.00 status=classified
2026-07-04 19:11:54,560 INFO tkc.classifier:   ZTE-AN-SOFTWARE-MIB.mib → vendor=ZTE family=ZXA10 C320 doc_type=mib_file conf=1.00 status=classified
2026-07-04 19:11:54,560 INFO tkc.classifier:   ZTE-AN-TC-MIB.mib → vendor=ZTE family=ZXA10 C320 doc_type=mib_file conf=1.00 status=classified
2026-07-04 19:11:54,561 INFO tkc.classifier:   ZTE-AN-VLAN-MIB.mib → vendor=ZTE family=ZXA10 C320 doc_type=mib_file conf=1.00 status=classified
2026-07-04 19:11:54,561 INFO tkc.classifier:   ZXR10-ALARM-MIB.mib → vendor=ZTE family=ZXA10 C320 doc_type=mib_file conf=1.00 status=classified
2026-07-04 19:11:54,561 INFO tkc.classifier:   ZXR10-OPTICAL-ALARM-MIB.mib → vendor=ZTE family=ZXA10 C320 doc_type=mib_file conf=1.00 status=classified
2026-07-04 19:11:55,314 INFO tkc.classifier:   command_reference.pdf → vendor=ZTE family=ZXA10 C320 doc_type=command_reference conf=1.00 status=classified
2026-07-04 19:11:58,389 INFO tkc.classifier:   hardware_description.pdf → vendor=ZTE family=ZXA10 C320 doc_type=hardware_description conf=1.00 status=classified
2026-07-04 19:11:58,788 INFO tkc.extractor: Extractor: 2274 símbolos OID en la tabla global (resolución cruzada)
2026-07-04 19:11:58,789 WARNING tkc.extractor: Saltando documento unclassified: .gitkeep
2026-07-04 19:11:58,814 INFO tkc.extractor.mib: MibExtractor: 86 OBJECT-TYPE extraídos
2026-07-04 19:11:58,837 INFO tkc.extractor.mib: MibExtractor: 18 NOTIFICATION-TYPE → alarma(s)
2026-07-04 19:11:58,885 INFO tkc.extractor.mib: MibExtractor: 157 OBJECT-TYPE extraídos
2026-07-04 19:11:58,931 INFO tkc.extractor.mib: MibExtractor: 45 NOTIFICATION-TYPE → alarma(s)
2026-07-04 19:11:58,990 INFO tkc.extractor.mib: MibExtractor: 202 OBJECT-TYPE extraídos
2026-07-04 19:11:59,045 INFO tkc.extractor.mib: MibExtractor: 0 NOTIFICATION-TYPE → alarma(s)
2026-07-04 19:11:59,058 INFO tkc.extractor.mib: MibExtractor: 46 OBJECT-TYPE extraídos
2026-07-04 19:11:59,070 INFO tkc.extractor.mib: MibExtractor: 8 NOTIFICATION-TYPE → alarma(s)
2026-07-04 19:11:59,097 INFO tkc.extractor.mib: MibExtractor: 75 OBJECT-TYPE extraídos
2026-07-04 19:11:59,123 INFO tkc.extractor.mib: MibExtractor: 34 NOTIFICATION-TYPE → alarma(s)
2026-07-04 19:11:59,145 INFO tkc.extractor.mib: MibExtractor: 90 OBJECT-TYPE extraídos
2026-07-04 19:11:59,167 INFO tkc.extractor.mib: MibExtractor: 0 NOTIFICATION-TYPE → alarma(s)
2026-07-04 19:11:59,188 INFO tkc.extractor.mib: MibExtractor: 72 OBJECT-TYPE extraídos
2026-07-04 19:11:59,206 INFO tkc.extractor.mib: MibExtractor: 4 NOTIFICATION-TYPE → alarma(s)
2026-07-04 19:11:59,392 INFO tkc.extractor.mib: MibExtractor: 720 OBJECT-TYPE extraídos
2026-07-04 19:11:59,567 INFO tkc.extractor.mib: MibExtractor: 0 NOTIFICATION-TYPE → alarma(s)
2026-07-04 19:11:59,580 INFO tkc.extractor.mib: MibExtractor: 31 OBJECT-TYPE extraídos
2026-07-04 19:11:59,594 INFO tkc.extractor.mib: MibExtractor: 0 NOTIFICATION-TYPE → alarma(s)
2026-07-04 19:11:59,605 INFO tkc.extractor.mib: MibExtractor: 56 OBJECT-TYPE extraídos
2026-07-04 19:11:59,615 INFO tkc.extractor.mib: MibExtractor: 0 NOTIFICATION-TYPE → alarma(s)
2026-07-04 19:11:59,620 INFO tkc.extractor.mib: MibExtractor: 0 OBJECT-TYPE extraídos
2026-07-04 19:11:59,625 INFO tkc.extractor.mib: MibExtractor: 0 NOTIFICATION-TYPE → alarma(s)
2026-07-04 19:11:59,664 INFO tkc.extractor.mib: MibExtractor: 148 OBJECT-TYPE extraídos
2026-07-04 19:11:59,700 INFO tkc.extractor.mib: MibExtractor: 3 NOTIFICATION-TYPE → alarma(s)
2026-07-04 19:11:59,704 INFO tkc.extractor.mib: MibExtractor: 0 OBJECT-TYPE extraídos
2026-07-04 19:11:59,707 INFO tkc.extractor.mib: MibExtractor: 0 NOTIFICATION-TYPE → alarma(s)
2026-07-04 19:11:59,730 INFO tkc.extractor.mib: MibExtractor: 87 OBJECT-TYPE extraídos
2026-07-04 19:11:59,752 INFO tkc.extractor.mib: MibExtractor: 0 NOTIFICATION-TYPE → alarma(s)
2026-07-04 19:11:59,789 INFO tkc.extractor.mib: MibExtractor: 201 OBJECT-TYPE extraídos
2026-07-04 19:11:59,823 INFO tkc.extractor.mib: MibExtractor: 4 NOTIFICATION-TYPE → alarma(s)
2026-07-04 19:11:59,828 INFO tkc.extractor.mib: MibExtractor: 21 OBJECT-TYPE extraídos
2026-07-04 19:11:59,831 INFO tkc.extractor.mib: MibExtractor: 1 NOTIFICATION-TYPE → alarma(s)
2026-07-04 19:11:59,832 INFO tkc.extractor.cmd: CommandExtractor: 4 comando(s)
2026-07-04 19:11:59,925 INFO tkc.extractor.entity: EntityExtractor(hardware_description): 5 entidad(es)
2026-07-04 19:11:59,925 INFO tkc.extractor: Extractor: 5 entidades, 4 comandos, 1992 OIDs, 117 alarmas (brutos)
2026-07-04 19:11:59,926 INFO tkc.normalizer:   entidad sintetizada por referencia: entity.zte.gpon.device.olt
2026-07-04 19:11:59,926 INFO tkc.normalizer:   entidad sintetizada por referencia: entity.zte.gpon.hardware.fan
2026-07-04 19:11:59,926 INFO tkc.normalizer:   entidad sintetizada por referencia: entity.zte.gpon.logical.gem_port
2026-07-04 19:11:59,926 INFO tkc.normalizer:   entidad sintetizada por referencia: entity.zte.gpon.hardware.power_supply
2026-07-04 19:11:59,926 INFO tkc.normalizer:   entidad sintetizada por referencia: entity.zte.gpon.hardware.optical_module
2026-07-04 19:11:59,926 INFO tkc.normalizer:   entidad sintetizada por referencia: entity.zte.gpon.port.uplink_port
2026-07-04 19:11:59,926 INFO tkc.normalizer:   entidad sintetizada por referencia: entity.zte.gpon.hardware.sensor
2026-07-04 19:11:59,926 INFO tkc.normalizer:   entidad sintetizada por referencia: entity.zte.gpon.logical.service_port
2026-07-04 19:11:59,935 INFO tkc.normalizer: Normalizer: 13 entidades, 13 aliases, 0 ambiguos
2026-07-04 19:12:03,405 INFO tkc.correlator: Correlator: 7 relaciones derivadas
2026-07-04 19:12:03,411 INFO tkc.validator: Validator: 9 conflictos/huérfanos registrados
2026-07-04 19:12:03,630 INFO tkc.writer: Catálogo escrito en catalog/zte/zxa10-c320/catalog-1.0.0
2026-07-04 19:12:03,630 INFO tkc.main: Catálogo generado en catalog/zte/zxa10-c320/catalog-1.0.0
2026-07-04 19:12:03,630 INFO tkc.main:   entities  : 13
2026-07-04 19:12:03,630 INFO tkc.main:   commands  : 4
2026-07-04 19:12:03,630 INFO tkc.main:   oids      : 1992
2026-07-04 19:12:03,630 INFO tkc.main:   relations : 7
2026-07-04 19:12:03,630 INFO tkc.main:   alarms    : 117
2026-07-04 19:12:03,630 INFO tkc.main:   conflicts : 0
2026-07-04 19:12:03,630 INFO tkc.main:   orphans   : 9
2026-07-04 19:12:03,630 INFO tkc.main: === Fase 2: validando modelo ZTE_C300 con ZTE_C300.txt, ZTE_C300_entities.txt, ZTE_C300_ifnames.txt ===
2026-07-04 19:12:07,033 INFO tkc.walk_validator: WalkValidator: 663544 OIDs parseados de ZTE_C300.txt
2026-07-04 19:12:07,935 INFO tkc.walk_validator: WalkValidator: 10 OIDs parseados de ZTE_C300_entities.txt
2026-07-04 19:12:07,935 INFO tkc.walk_validator: WalkValidator: 3 entidades hardware confirmadas (entPhysicalTable)
2026-07-04 19:12:07,936 INFO tkc.walk_validator: WalkValidator: 41 OIDs parseados de ZTE_C300_ifnames.txt
2026-07-04 19:12:07,936 INFO tkc.walk_validator: WalkValidator: 0 índice(s) ASCII confirmados con el walk enterprise
2026-07-04 19:12:07,937 INFO tkc.walk_validator: WalkValidator: [accept] bitcalc_validation → fix aplicado a 23 OIDs ({'slot': '12-8', 'port': '4-0'})
2026-07-04 19:12:07,937 INFO tkc.walk_validator: WalkValidator: community snmp-olt-zte_reference_extract.txt → +12 OIDs de ONU en ZXA10 C300
2026-07-04 19:12:07,973 INFO tkc.walk_validator: WalkValidator: catálogo ZXA10 C300 enriquecido en catalog/zte/zxa10-c300/catalog-1.0.0
2026-07-04 19:12:08,016 INFO tkc.main: Catálogo enriquecido generado en catalog/zte/zxa10-c300/catalog-1.0.0
2026-07-04 19:12:08,016 INFO tkc.main: === Fase 2: validando modelo ZTE_C320 con ZTE_C320.txt, ZTE_C320_entities.txt, ZTE_C320_ifnames.txt ===
2026-07-04 19:12:12,073 INFO tkc.walk_validator: WalkValidator: 794550 OIDs parseados de ZTE_C320.txt
2026-07-04 19:12:13,044 INFO tkc.walk_validator: WalkValidator: 0 OIDs parseados de ZTE_C320_entities.txt
2026-07-04 19:12:13,044 INFO tkc.walk_validator: WalkValidator: 0 entidades hardware confirmadas (entPhysicalTable)
2026-07-04 19:12:13,044 INFO tkc.walk_validator: WalkValidator: 0 OIDs parseados de ZTE_C320_ifnames.txt
2026-07-04 19:12:13,045 INFO tkc.walk_validator: WalkValidator: 0 índice(s) ASCII confirmados con el walk enterprise
2026-07-04 19:12:13,045 INFO tkc.walk_validator: WalkValidator: community snmp-olt-zte_reference_extract.txt → +12 OIDs de ONU en ZXA10 C320
2026-07-04 19:12:13,079 INFO tkc.walk_validator: WalkValidator: catálogo ZXA10 C320 enriquecido en catalog/zte/zxa10-c320/catalog-1.0.0-validated
2026-07-04 19:12:13,134 INFO tkc.main: Catálogo enriquecido generado en catalog/zte/zxa10-c320/catalog-1.0.0-validated
