2026-07-01 11:40:45,835 INFO tkc.main: === TKC pipeline iniciado (ZTE ZXA10 C320) ===
2026-07-01 11:40:45,843 INFO tkc.classifier: Classifier: 19 archivo(s) encontrado(s) en docs
2026-07-01 11:40:45,843 WARNING tkc.util: Tipo de archivo no soportado para lectura de texto: .gitkeep
2026-07-01 11:40:45,845 INFO tkc.classifier:   .gitkeep → vendor=None family=None doc_type=None conf=0.00 status=unclassified
2026-07-01 11:40:45,847 INFO tkc.classifier:   ZTE-AN-CHASSIS-MIB.mib → vendor=ZTE family=ZXA10 C320 doc_type=mib_file conf=1.00 status=classified
2026-07-01 11:40:45,850 INFO tkc.classifier:   ZTE-AN-ENVMON-MIB.mib → vendor=ZTE family=ZXA10 C320 doc_type=mib_file conf=1.00 status=classified
2026-07-01 11:40:45,853 INFO tkc.classifier:   ZTE-AN-GPON-ONUPRF-MIB.mib → vendor=ZTE family=ZXA10 C320 doc_type=mib_file conf=1.00 status=classified
2026-07-01 11:40:45,854 INFO tkc.classifier:   ZTE-AN-INTERFACE-BASE-MIB.mib → vendor=ZTE family=ZXA10 C320 doc_type=mib_file conf=1.00 status=classified
2026-07-01 11:40:45,855 INFO tkc.classifier:   ZTE-AN-OPTICAL-MODULE-MIB.mib → vendor=ZTE family=ZXA10 C320 doc_type=mib_file conf=1.00 status=classified
2026-07-01 11:40:45,857 INFO tkc.classifier:   ZTE-AN-OPTICAL-MODULE-PERF-MIB.mib → vendor=ZTE family=ZXA10 C320 doc_type=mib_file conf=1.00 status=classified
2026-07-01 11:40:45,858 INFO tkc.classifier:   ZTE-AN-PON-BASE-MIB.mib → vendor=ZTE family=ZXA10 C320 doc_type=mib_file conf=1.00 status=classified
2026-07-01 11:40:45,866 INFO tkc.classifier:   ZTE-AN-PON-PERF-MIB.mib → vendor=ZTE family=ZXA10 C320 doc_type=mib_file conf=1.00 status=classified
2026-07-01 11:40:45,868 INFO tkc.classifier:   ZTE-AN-SERVICE-PORT-MIB.mib → vendor=ZTE family=ZXA10 C320 doc_type=mib_file conf=1.00 status=classified
2026-07-01 11:40:45,869 INFO tkc.classifier:   ZTE-AN-SERVICE-PORT-PERF-MIB.mib → vendor=ZTE family=ZXA10 C320 doc_type=mib_file conf=1.00 status=classified
2026-07-01 11:40:45,869 INFO tkc.classifier:   ZTE-AN-SMI.mib → vendor=ZTE family=ZXA10 C320 doc_type=mib_file conf=1.00 status=classified
2026-07-01 11:40:45,871 INFO tkc.classifier:   ZTE-AN-SOFTWARE-MIB.mib → vendor=ZTE family=ZXA10 C320 doc_type=mib_file conf=1.00 status=classified
2026-07-01 11:40:45,873 INFO tkc.classifier:   ZTE-AN-TC-MIB.mib → vendor=ZTE family=ZXA10 C320 doc_type=mib_file conf=1.00 status=classified
2026-07-01 11:40:45,874 INFO tkc.classifier:   ZTE-AN-VLAN-MIB.mib → vendor=ZTE family=ZXA10 C320 doc_type=mib_file conf=1.00 status=classified
2026-07-01 11:40:45,876 INFO tkc.classifier:   ZXR10-ALARM-MIB.mib → vendor=ZTE family=ZXA10 C320 doc_type=mib_file conf=1.00 status=classified
2026-07-01 11:40:45,877 INFO tkc.classifier:   ZXR10-OPTICAL-ALARM-MIB.mib → vendor=ZTE family=ZXA10 C320 doc_type=mib_file conf=1.00 status=classified
2026-07-01 11:40:48,365 INFO tkc.classifier:   command_reference.pdf → vendor=ZTE family=ZXA10 C320 doc_type=command_reference conf=1.00 status=classified
2026-07-01 11:40:58,331 INFO tkc.classifier:   hardware_description.pdf → vendor=ZTE family=ZXA10 C320 doc_type=hardware_description conf=1.00 status=classified
2026-07-01 11:40:59,581 INFO tkc.extractor: Extractor: 2274 símbolos OID en la tabla global (resolución cruzada)
2026-07-01 11:40:59,582 WARNING tkc.extractor: Saltando documento unclassified: .gitkeep
2026-07-01 11:40:59,665 INFO tkc.extractor.mib: MibExtractor: 86 OBJECT-TYPE extraídos
2026-07-01 11:40:59,737 INFO tkc.extractor.mib: MibExtractor: 18 NOTIFICATION-TYPE → alarma(s)
2026-07-01 11:40:59,894 INFO tkc.extractor.mib: MibExtractor: 157 OBJECT-TYPE extraídos
2026-07-01 11:41:00,039 INFO tkc.extractor.mib: MibExtractor: 45 NOTIFICATION-TYPE → alarma(s)
2026-07-01 11:41:00,225 INFO tkc.extractor.mib: MibExtractor: 202 OBJECT-TYPE extraídos
2026-07-01 11:41:00,392 INFO tkc.extractor.mib: MibExtractor: 0 NOTIFICATION-TYPE → alarma(s)
2026-07-01 11:41:00,431 INFO tkc.extractor.mib: MibExtractor: 46 OBJECT-TYPE extraídos
2026-07-01 11:41:00,467 INFO tkc.extractor.mib: MibExtractor: 8 NOTIFICATION-TYPE → alarma(s)
2026-07-01 11:41:00,547 INFO tkc.extractor.mib: MibExtractor: 75 OBJECT-TYPE extraídos
2026-07-01 11:41:00,631 INFO tkc.extractor.mib: MibExtractor: 34 NOTIFICATION-TYPE → alarma(s)
2026-07-01 11:41:00,701 INFO tkc.extractor.mib: MibExtractor: 90 OBJECT-TYPE extraídos
2026-07-01 11:41:00,769 INFO tkc.extractor.mib: MibExtractor: 0 NOTIFICATION-TYPE → alarma(s)
2026-07-01 11:41:00,839 INFO tkc.extractor.mib: MibExtractor: 72 OBJECT-TYPE extraídos
2026-07-01 11:41:00,902 INFO tkc.extractor.mib: MibExtractor: 4 NOTIFICATION-TYPE → alarma(s)
2026-07-01 11:41:01,506 INFO tkc.extractor.mib: MibExtractor: 720 OBJECT-TYPE extraídos
2026-07-01 11:41:02,058 INFO tkc.extractor.mib: MibExtractor: 0 NOTIFICATION-TYPE → alarma(s)
2026-07-01 11:41:02,100 INFO tkc.extractor.mib: MibExtractor: 31 OBJECT-TYPE extraídos
2026-07-01 11:41:02,140 INFO tkc.extractor.mib: MibExtractor: 0 NOTIFICATION-TYPE → alarma(s)
2026-07-01 11:41:02,176 INFO tkc.extractor.mib: MibExtractor: 56 OBJECT-TYPE extraídos
2026-07-01 11:41:02,209 INFO tkc.extractor.mib: MibExtractor: 0 NOTIFICATION-TYPE → alarma(s)
2026-07-01 11:41:02,225 INFO tkc.extractor.mib: MibExtractor: 0 OBJECT-TYPE extraídos
2026-07-01 11:41:02,240 INFO tkc.extractor.mib: MibExtractor: 0 NOTIFICATION-TYPE → alarma(s)
2026-07-01 11:41:02,362 INFO tkc.extractor.mib: MibExtractor: 148 OBJECT-TYPE extraídos
2026-07-01 11:41:02,474 INFO tkc.extractor.mib: MibExtractor: 3 NOTIFICATION-TYPE → alarma(s)
2026-07-01 11:41:02,487 INFO tkc.extractor.mib: MibExtractor: 0 OBJECT-TYPE extraídos
2026-07-01 11:41:02,500 INFO tkc.extractor.mib: MibExtractor: 0 NOTIFICATION-TYPE → alarma(s)
2026-07-01 11:41:02,574 INFO tkc.extractor.mib: MibExtractor: 87 OBJECT-TYPE extraídos
2026-07-01 11:41:02,641 INFO tkc.extractor.mib: MibExtractor: 0 NOTIFICATION-TYPE → alarma(s)
2026-07-01 11:41:02,755 INFO tkc.extractor.mib: MibExtractor: 201 OBJECT-TYPE extraídos
2026-07-01 11:41:02,857 INFO tkc.extractor.mib: MibExtractor: 4 NOTIFICATION-TYPE → alarma(s)
2026-07-01 11:41:02,871 INFO tkc.extractor.mib: MibExtractor: 21 OBJECT-TYPE extraídos
2026-07-01 11:41:02,882 INFO tkc.extractor.mib: MibExtractor: 1 NOTIFICATION-TYPE → alarma(s)
2026-07-01 11:41:02,886 INFO tkc.extractor.cmd: CommandExtractor: 4 comando(s)
2026-07-01 11:41:03,174 INFO tkc.extractor.entity: EntityExtractor(hardware_description): 5 entidad(es)
2026-07-01 11:41:03,174 INFO tkc.extractor: Extractor: 5 entidades, 4 comandos, 1992 OIDs, 117 alarmas (brutos)
2026-07-01 11:41:03,175 INFO tkc.normalizer:   entidad sintetizada por referencia: entity.zte.gpon.hardware.power_supply
2026-07-01 11:41:03,175 INFO tkc.normalizer:   entidad sintetizada por referencia: entity.zte.gpon.port.uplink_port
2026-07-01 11:41:03,176 INFO tkc.normalizer:   entidad sintetizada por referencia: entity.zte.gpon.device.olt
2026-07-01 11:41:03,176 INFO tkc.normalizer:   entidad sintetizada por referencia: entity.zte.gpon.logical.service_port
2026-07-01 11:41:03,176 INFO tkc.normalizer:   entidad sintetizada por referencia: entity.zte.gpon.hardware.optical_module
2026-07-01 11:41:03,176 INFO tkc.normalizer:   entidad sintetizada por referencia: entity.zte.gpon.hardware.sensor
2026-07-01 11:41:03,176 INFO tkc.normalizer:   entidad sintetizada por referencia: entity.zte.gpon.logical.gem_port
2026-07-01 11:41:03,176 INFO tkc.normalizer:   entidad sintetizada por referencia: entity.zte.gpon.hardware.fan
2026-07-01 11:41:03,202 INFO tkc.normalizer: Normalizer: 13 entidades, 13 aliases, 0 ambiguos
2026-07-01 11:41:14,367 INFO tkc.correlator: Correlator: 7 relaciones derivadas
2026-07-01 11:41:14,382 INFO tkc.validator: Validator: 9 conflictos/huérfanos registrados
2026-07-01 11:41:14,946 INFO tkc.writer: Catálogo escrito en catalog/zte/zxa10-c320/catalog-1.0.0
2026-07-01 11:41:14,946 INFO tkc.main: Catálogo generado en catalog/zte/zxa10-c320/catalog-1.0.0
2026-07-01 11:41:14,946 INFO tkc.main:   entities  : 13
2026-07-01 11:41:14,946 INFO tkc.main:   commands  : 4
2026-07-01 11:41:14,946 INFO tkc.main:   oids      : 1992
2026-07-01 11:41:14,946 INFO tkc.main:   relations : 7
2026-07-01 11:41:14,946 INFO tkc.main:   alarms    : 117
2026-07-01 11:41:14,946 INFO tkc.main:   conflicts : 0
2026-07-01 11:41:14,946 INFO tkc.main:   orphans   : 9
2026-07-01 11:41:14,947 INFO tkc.main: Sin archivos de walk en docs/walks — omitiendo Fase 2
