2026-07-02 14:47:11,725 INFO tkc.main: === TKC pipeline iniciado (ZTE ZXA10 C320) ===
2026-07-02 14:47:11,732 INFO tkc.classifier: Classifier: 19 archivo(s) encontrado(s) en docs
2026-07-02 14:47:11,732 WARNING tkc.util: Tipo de archivo no soportado para lectura de texto: .gitkeep
2026-07-02 14:47:11,735 INFO tkc.classifier:   .gitkeep → vendor=None family=None doc_type=None conf=0.00 status=unclassified
2026-07-02 14:47:11,736 INFO tkc.classifier:   ZTE-AN-CHASSIS-MIB.mib → vendor=ZTE family=ZXA10 C320 doc_type=mib_file conf=1.00 status=classified
2026-07-02 14:47:11,739 INFO tkc.classifier:   ZTE-AN-ENVMON-MIB.mib → vendor=ZTE family=ZXA10 C320 doc_type=mib_file conf=1.00 status=classified
2026-07-02 14:47:11,742 INFO tkc.classifier:   ZTE-AN-GPON-ONUPRF-MIB.mib → vendor=ZTE family=ZXA10 C320 doc_type=mib_file conf=1.00 status=classified
2026-07-02 14:47:11,743 INFO tkc.classifier:   ZTE-AN-INTERFACE-BASE-MIB.mib → vendor=ZTE family=ZXA10 C320 doc_type=mib_file conf=1.00 status=classified
2026-07-02 14:47:11,745 INFO tkc.classifier:   ZTE-AN-OPTICAL-MODULE-MIB.mib → vendor=ZTE family=ZXA10 C320 doc_type=mib_file conf=1.00 status=classified
2026-07-02 14:47:11,746 INFO tkc.classifier:   ZTE-AN-OPTICAL-MODULE-PERF-MIB.mib → vendor=ZTE family=ZXA10 C320 doc_type=mib_file conf=1.00 status=classified
2026-07-02 14:47:11,747 INFO tkc.classifier:   ZTE-AN-PON-BASE-MIB.mib → vendor=ZTE family=ZXA10 C320 doc_type=mib_file conf=1.00 status=classified
2026-07-02 14:47:11,756 INFO tkc.classifier:   ZTE-AN-PON-PERF-MIB.mib → vendor=ZTE family=ZXA10 C320 doc_type=mib_file conf=1.00 status=classified
2026-07-02 14:47:11,757 INFO tkc.classifier:   ZTE-AN-SERVICE-PORT-MIB.mib → vendor=ZTE family=ZXA10 C320 doc_type=mib_file conf=1.00 status=classified
2026-07-02 14:47:11,758 INFO tkc.classifier:   ZTE-AN-SERVICE-PORT-PERF-MIB.mib → vendor=ZTE family=ZXA10 C320 doc_type=mib_file conf=1.00 status=classified
2026-07-02 14:47:11,758 INFO tkc.classifier:   ZTE-AN-SMI.mib → vendor=ZTE family=ZXA10 C320 doc_type=mib_file conf=1.00 status=classified
2026-07-02 14:47:11,760 INFO tkc.classifier:   ZTE-AN-SOFTWARE-MIB.mib → vendor=ZTE family=ZXA10 C320 doc_type=mib_file conf=1.00 status=classified
2026-07-02 14:47:11,761 INFO tkc.classifier:   ZTE-AN-TC-MIB.mib → vendor=ZTE family=ZXA10 C320 doc_type=mib_file conf=1.00 status=classified
2026-07-02 14:47:11,762 INFO tkc.classifier:   ZTE-AN-VLAN-MIB.mib → vendor=ZTE family=ZXA10 C320 doc_type=mib_file conf=1.00 status=classified
2026-07-02 14:47:11,764 INFO tkc.classifier:   ZXR10-ALARM-MIB.mib → vendor=ZTE family=ZXA10 C320 doc_type=mib_file conf=1.00 status=classified
2026-07-02 14:47:11,765 INFO tkc.classifier:   ZXR10-OPTICAL-ALARM-MIB.mib → vendor=ZTE family=ZXA10 C320 doc_type=mib_file conf=1.00 status=classified
2026-07-02 14:47:14,038 INFO tkc.classifier:   command_reference.pdf → vendor=ZTE family=ZXA10 C320 doc_type=command_reference conf=1.00 status=classified
2026-07-02 14:47:23,316 INFO tkc.classifier:   hardware_description.pdf → vendor=ZTE family=ZXA10 C320 doc_type=hardware_description conf=1.00 status=classified
2026-07-02 14:47:24,491 INFO tkc.extractor: Extractor: 2274 símbolos OID en la tabla global (resolución cruzada)
2026-07-02 14:47:24,492 WARNING tkc.extractor: Saltando documento unclassified: .gitkeep
2026-07-02 14:47:24,569 INFO tkc.extractor.mib: MibExtractor: 86 OBJECT-TYPE extraídos
2026-07-02 14:47:24,639 INFO tkc.extractor.mib: MibExtractor: 18 NOTIFICATION-TYPE → alarma(s)
2026-07-02 14:47:24,788 INFO tkc.extractor.mib: MibExtractor: 157 OBJECT-TYPE extraídos
2026-07-02 14:47:24,925 INFO tkc.extractor.mib: MibExtractor: 45 NOTIFICATION-TYPE → alarma(s)
2026-07-02 14:47:25,095 INFO tkc.extractor.mib: MibExtractor: 202 OBJECT-TYPE extraídos
2026-07-02 14:47:25,250 INFO tkc.extractor.mib: MibExtractor: 0 NOTIFICATION-TYPE → alarma(s)
2026-07-02 14:47:25,288 INFO tkc.extractor.mib: MibExtractor: 46 OBJECT-TYPE extraídos
2026-07-02 14:47:25,322 INFO tkc.extractor.mib: MibExtractor: 8 NOTIFICATION-TYPE → alarma(s)
2026-07-02 14:47:25,397 INFO tkc.extractor.mib: MibExtractor: 75 OBJECT-TYPE extraídos
2026-07-02 14:47:25,473 INFO tkc.extractor.mib: MibExtractor: 34 NOTIFICATION-TYPE → alarma(s)
2026-07-02 14:47:25,539 INFO tkc.extractor.mib: MibExtractor: 90 OBJECT-TYPE extraídos
2026-07-02 14:47:25,600 INFO tkc.extractor.mib: MibExtractor: 0 NOTIFICATION-TYPE → alarma(s)
2026-07-02 14:47:25,660 INFO tkc.extractor.mib: MibExtractor: 72 OBJECT-TYPE extraídos
2026-07-02 14:47:25,718 INFO tkc.extractor.mib: MibExtractor: 4 NOTIFICATION-TYPE → alarma(s)
2026-07-02 14:47:26,281 INFO tkc.extractor.mib: MibExtractor: 720 OBJECT-TYPE extraídos
2026-07-02 14:47:26,844 INFO tkc.extractor.mib: MibExtractor: 0 NOTIFICATION-TYPE → alarma(s)
2026-07-02 14:47:26,888 INFO tkc.extractor.mib: MibExtractor: 31 OBJECT-TYPE extraídos
2026-07-02 14:47:26,930 INFO tkc.extractor.mib: MibExtractor: 0 NOTIFICATION-TYPE → alarma(s)
2026-07-02 14:47:26,971 INFO tkc.extractor.mib: MibExtractor: 56 OBJECT-TYPE extraídos
2026-07-02 14:47:27,006 INFO tkc.extractor.mib: MibExtractor: 0 NOTIFICATION-TYPE → alarma(s)
2026-07-02 14:47:27,023 INFO tkc.extractor.mib: MibExtractor: 0 OBJECT-TYPE extraídos
2026-07-02 14:47:27,038 INFO tkc.extractor.mib: MibExtractor: 0 NOTIFICATION-TYPE → alarma(s)
2026-07-02 14:47:27,168 INFO tkc.extractor.mib: MibExtractor: 148 OBJECT-TYPE extraídos
2026-07-02 14:47:27,282 INFO tkc.extractor.mib: MibExtractor: 3 NOTIFICATION-TYPE → alarma(s)
2026-07-02 14:47:27,293 INFO tkc.extractor.mib: MibExtractor: 0 OBJECT-TYPE extraídos
2026-07-02 14:47:27,303 INFO tkc.extractor.mib: MibExtractor: 0 NOTIFICATION-TYPE → alarma(s)
2026-07-02 14:47:27,371 INFO tkc.extractor.mib: MibExtractor: 87 OBJECT-TYPE extraídos
2026-07-02 14:47:27,435 INFO tkc.extractor.mib: MibExtractor: 0 NOTIFICATION-TYPE → alarma(s)
2026-07-02 14:47:27,550 INFO tkc.extractor.mib: MibExtractor: 201 OBJECT-TYPE extraídos
2026-07-02 14:47:27,653 INFO tkc.extractor.mib: MibExtractor: 4 NOTIFICATION-TYPE → alarma(s)
2026-07-02 14:47:27,666 INFO tkc.extractor.mib: MibExtractor: 21 OBJECT-TYPE extraídos
2026-07-02 14:47:27,677 INFO tkc.extractor.mib: MibExtractor: 1 NOTIFICATION-TYPE → alarma(s)
2026-07-02 14:47:27,681 INFO tkc.extractor.cmd: CommandExtractor: 4 comando(s)
2026-07-02 14:47:27,960 INFO tkc.extractor.entity: EntityExtractor(hardware_description): 5 entidad(es)
2026-07-02 14:47:27,961 INFO tkc.extractor: Extractor: 5 entidades, 4 comandos, 1992 OIDs, 117 alarmas (brutos)
2026-07-02 14:47:27,961 INFO tkc.normalizer:   entidad sintetizada por referencia: entity.zte.gpon.port.uplink_port
2026-07-02 14:47:27,962 INFO tkc.normalizer:   entidad sintetizada por referencia: entity.zte.gpon.device.olt
2026-07-02 14:47:27,962 INFO tkc.normalizer:   entidad sintetizada por referencia: entity.zte.gpon.hardware.optical_module
2026-07-02 14:47:27,962 INFO tkc.normalizer:   entidad sintetizada por referencia: entity.zte.gpon.logical.gem_port
2026-07-02 14:47:27,962 INFO tkc.normalizer:   entidad sintetizada por referencia: entity.zte.gpon.hardware.fan
2026-07-02 14:47:27,962 INFO tkc.normalizer:   entidad sintetizada por referencia: entity.zte.gpon.hardware.sensor
2026-07-02 14:47:27,962 INFO tkc.normalizer:   entidad sintetizada por referencia: entity.zte.gpon.hardware.power_supply
2026-07-02 14:47:27,962 INFO tkc.normalizer:   entidad sintetizada por referencia: entity.zte.gpon.logical.service_port
2026-07-02 14:47:27,987 INFO tkc.normalizer: Normalizer: 13 entidades, 13 aliases, 0 ambiguos
2026-07-02 14:47:38,218 INFO tkc.correlator: Correlator: 7 relaciones derivadas
2026-07-02 14:47:38,233 INFO tkc.validator: Validator: 9 conflictos/huérfanos registrados
2026-07-02 14:47:38,770 INFO tkc.writer: Catálogo escrito en catalog/zte/zxa10-c320/catalog-1.0.0
2026-07-02 14:47:38,770 INFO tkc.main: Catálogo generado en catalog/zte/zxa10-c320/catalog-1.0.0
2026-07-02 14:47:38,770 INFO tkc.main:   entities  : 13
2026-07-02 14:47:38,770 INFO tkc.main:   commands  : 4
2026-07-02 14:47:38,770 INFO tkc.main:   oids      : 1992
2026-07-02 14:47:38,770 INFO tkc.main:   relations : 7
2026-07-02 14:47:38,770 INFO tkc.main:   alarms    : 117
2026-07-02 14:47:38,771 INFO tkc.main:   conflicts : 0
2026-07-02 14:47:38,771 INFO tkc.main:   orphans   : 9
2026-07-02 14:47:38,771 INFO tkc.main: === Fase 2: validando modelo ZTE_C300 con ZTE_C300.txt, ZTE_C300_entities.txt, ZTE_C300_ifnames.txt ===
2026-07-02 14:47:49,119 INFO tkc.walk_validator: WalkValidator: 663544 OIDs parseados de ZTE_C300.txt
2026-07-02 14:47:51,801 INFO tkc.walk_validator: WalkValidator: 10 OIDs parseados de ZTE_C300_entities.txt
2026-07-02 14:47:51,801 INFO tkc.walk_validator: WalkValidator: 3 entidades hardware confirmadas (entPhysicalTable)
2026-07-02 14:47:51,802 INFO tkc.walk_validator: WalkValidator: 41 OIDs parseados de ZTE_C300_ifnames.txt
2026-07-02 14:47:51,923 INFO tkc.walk_validator: WalkValidator: catálogo ZXA10 C300 enriquecido en catalog/zte/zxa10-c300/catalog-1.0.0
2026-07-02 14:47:52,049 INFO tkc.main: Catálogo enriquecido generado en catalog/zte/zxa10-c300/catalog-1.0.0
