2026-07-01 11:56:47,402 INFO tkc.main: === TKC pipeline iniciado (ZTE ZXA10 C320) ===
2026-07-01 11:56:47,408 INFO tkc.classifier: Classifier: 19 archivo(s) encontrado(s) en docs
2026-07-01 11:56:47,409 WARNING tkc.util: Tipo de archivo no soportado para lectura de texto: .gitkeep
2026-07-01 11:56:47,411 INFO tkc.classifier:   .gitkeep → vendor=None family=None doc_type=None conf=0.00 status=unclassified
2026-07-01 11:56:47,413 INFO tkc.classifier:   ZTE-AN-CHASSIS-MIB.mib → vendor=ZTE family=ZXA10 C320 doc_type=mib_file conf=1.00 status=classified
2026-07-01 11:56:47,415 INFO tkc.classifier:   ZTE-AN-ENVMON-MIB.mib → vendor=ZTE family=ZXA10 C320 doc_type=mib_file conf=1.00 status=classified
2026-07-01 11:56:47,418 INFO tkc.classifier:   ZTE-AN-GPON-ONUPRF-MIB.mib → vendor=ZTE family=ZXA10 C320 doc_type=mib_file conf=1.00 status=classified
2026-07-01 11:56:47,419 INFO tkc.classifier:   ZTE-AN-INTERFACE-BASE-MIB.mib → vendor=ZTE family=ZXA10 C320 doc_type=mib_file conf=1.00 status=classified
2026-07-01 11:56:47,421 INFO tkc.classifier:   ZTE-AN-OPTICAL-MODULE-MIB.mib → vendor=ZTE family=ZXA10 C320 doc_type=mib_file conf=1.00 status=classified
2026-07-01 11:56:47,422 INFO tkc.classifier:   ZTE-AN-OPTICAL-MODULE-PERF-MIB.mib → vendor=ZTE family=ZXA10 C320 doc_type=mib_file conf=1.00 status=classified
2026-07-01 11:56:47,423 INFO tkc.classifier:   ZTE-AN-PON-BASE-MIB.mib → vendor=ZTE family=ZXA10 C320 doc_type=mib_file conf=1.00 status=classified
2026-07-01 11:56:47,432 INFO tkc.classifier:   ZTE-AN-PON-PERF-MIB.mib → vendor=ZTE family=ZXA10 C320 doc_type=mib_file conf=1.00 status=classified
2026-07-01 11:56:47,433 INFO tkc.classifier:   ZTE-AN-SERVICE-PORT-MIB.mib → vendor=ZTE family=ZXA10 C320 doc_type=mib_file conf=1.00 status=classified
2026-07-01 11:56:47,434 INFO tkc.classifier:   ZTE-AN-SERVICE-PORT-PERF-MIB.mib → vendor=ZTE family=ZXA10 C320 doc_type=mib_file conf=1.00 status=classified
2026-07-01 11:56:47,434 INFO tkc.classifier:   ZTE-AN-SMI.mib → vendor=ZTE family=ZXA10 C320 doc_type=mib_file conf=1.00 status=classified
2026-07-01 11:56:47,436 INFO tkc.classifier:   ZTE-AN-SOFTWARE-MIB.mib → vendor=ZTE family=ZXA10 C320 doc_type=mib_file conf=1.00 status=classified
2026-07-01 11:56:47,437 INFO tkc.classifier:   ZTE-AN-TC-MIB.mib → vendor=ZTE family=ZXA10 C320 doc_type=mib_file conf=1.00 status=classified
2026-07-01 11:56:47,439 INFO tkc.classifier:   ZTE-AN-VLAN-MIB.mib → vendor=ZTE family=ZXA10 C320 doc_type=mib_file conf=1.00 status=classified
2026-07-01 11:56:47,441 INFO tkc.classifier:   ZXR10-ALARM-MIB.mib → vendor=ZTE family=ZXA10 C320 doc_type=mib_file conf=1.00 status=classified
2026-07-01 11:56:47,442 INFO tkc.classifier:   ZXR10-OPTICAL-ALARM-MIB.mib → vendor=ZTE family=ZXA10 C320 doc_type=mib_file conf=1.00 status=classified
2026-07-01 11:56:49,864 INFO tkc.classifier:   command_reference.pdf → vendor=ZTE family=ZXA10 C320 doc_type=command_reference conf=1.00 status=classified
2026-07-01 11:56:59,721 INFO tkc.classifier:   hardware_description.pdf → vendor=ZTE family=ZXA10 C320 doc_type=hardware_description conf=1.00 status=classified
2026-07-01 11:57:00,939 INFO tkc.extractor: Extractor: 2274 símbolos OID en la tabla global (resolución cruzada)
2026-07-01 11:57:00,939 WARNING tkc.extractor: Saltando documento unclassified: .gitkeep
2026-07-01 11:57:01,017 INFO tkc.extractor.mib: MibExtractor: 86 OBJECT-TYPE extraídos
2026-07-01 11:57:01,089 INFO tkc.extractor.mib: MibExtractor: 18 NOTIFICATION-TYPE → alarma(s)
2026-07-01 11:57:01,275 INFO tkc.extractor.mib: MibExtractor: 157 OBJECT-TYPE extraídos
2026-07-01 11:57:01,418 INFO tkc.extractor.mib: MibExtractor: 45 NOTIFICATION-TYPE → alarma(s)
2026-07-01 11:57:01,596 INFO tkc.extractor.mib: MibExtractor: 202 OBJECT-TYPE extraídos
2026-07-01 11:57:01,759 INFO tkc.extractor.mib: MibExtractor: 0 NOTIFICATION-TYPE → alarma(s)
2026-07-01 11:57:01,798 INFO tkc.extractor.mib: MibExtractor: 46 OBJECT-TYPE extraídos
2026-07-01 11:57:01,833 INFO tkc.extractor.mib: MibExtractor: 8 NOTIFICATION-TYPE → alarma(s)
2026-07-01 11:57:01,913 INFO tkc.extractor.mib: MibExtractor: 75 OBJECT-TYPE extraídos
2026-07-01 11:57:01,993 INFO tkc.extractor.mib: MibExtractor: 34 NOTIFICATION-TYPE → alarma(s)
2026-07-01 11:57:02,061 INFO tkc.extractor.mib: MibExtractor: 90 OBJECT-TYPE extraídos
2026-07-01 11:57:02,126 INFO tkc.extractor.mib: MibExtractor: 0 NOTIFICATION-TYPE → alarma(s)
2026-07-01 11:57:02,192 INFO tkc.extractor.mib: MibExtractor: 72 OBJECT-TYPE extraídos
2026-07-01 11:57:02,254 INFO tkc.extractor.mib: MibExtractor: 4 NOTIFICATION-TYPE → alarma(s)
2026-07-01 11:57:02,867 INFO tkc.extractor.mib: MibExtractor: 720 OBJECT-TYPE extraídos
2026-07-01 11:57:03,406 INFO tkc.extractor.mib: MibExtractor: 0 NOTIFICATION-TYPE → alarma(s)
2026-07-01 11:57:03,449 INFO tkc.extractor.mib: MibExtractor: 31 OBJECT-TYPE extraídos
2026-07-01 11:57:03,489 INFO tkc.extractor.mib: MibExtractor: 0 NOTIFICATION-TYPE → alarma(s)
2026-07-01 11:57:03,526 INFO tkc.extractor.mib: MibExtractor: 56 OBJECT-TYPE extraídos
2026-07-01 11:57:03,557 INFO tkc.extractor.mib: MibExtractor: 0 NOTIFICATION-TYPE → alarma(s)
2026-07-01 11:57:03,572 INFO tkc.extractor.mib: MibExtractor: 0 OBJECT-TYPE extraídos
2026-07-01 11:57:03,589 INFO tkc.extractor.mib: MibExtractor: 0 NOTIFICATION-TYPE → alarma(s)
2026-07-01 11:57:03,707 INFO tkc.extractor.mib: MibExtractor: 148 OBJECT-TYPE extraídos
2026-07-01 11:57:03,812 INFO tkc.extractor.mib: MibExtractor: 3 NOTIFICATION-TYPE → alarma(s)
2026-07-01 11:57:03,822 INFO tkc.extractor.mib: MibExtractor: 0 OBJECT-TYPE extraídos
2026-07-01 11:57:03,833 INFO tkc.extractor.mib: MibExtractor: 0 NOTIFICATION-TYPE → alarma(s)
2026-07-01 11:57:03,909 INFO tkc.extractor.mib: MibExtractor: 87 OBJECT-TYPE extraídos
2026-07-01 11:57:03,976 INFO tkc.extractor.mib: MibExtractor: 0 NOTIFICATION-TYPE → alarma(s)
2026-07-01 11:57:04,091 INFO tkc.extractor.mib: MibExtractor: 201 OBJECT-TYPE extraídos
2026-07-01 11:57:04,196 INFO tkc.extractor.mib: MibExtractor: 4 NOTIFICATION-TYPE → alarma(s)
2026-07-01 11:57:04,209 INFO tkc.extractor.mib: MibExtractor: 21 OBJECT-TYPE extraídos
2026-07-01 11:57:04,222 INFO tkc.extractor.mib: MibExtractor: 1 NOTIFICATION-TYPE → alarma(s)
2026-07-01 11:57:04,225 INFO tkc.extractor.cmd: CommandExtractor: 4 comando(s)
2026-07-01 11:57:04,510 INFO tkc.extractor.entity: EntityExtractor(hardware_description): 5 entidad(es)
2026-07-01 11:57:04,510 INFO tkc.extractor: Extractor: 5 entidades, 4 comandos, 1992 OIDs, 117 alarmas (brutos)
2026-07-01 11:57:04,511 INFO tkc.normalizer:   entidad sintetizada por referencia: entity.zte.gpon.hardware.optical_module
2026-07-01 11:57:04,511 INFO tkc.normalizer:   entidad sintetizada por referencia: entity.zte.gpon.device.olt
2026-07-01 11:57:04,511 INFO tkc.normalizer:   entidad sintetizada por referencia: entity.zte.gpon.hardware.fan
2026-07-01 11:57:04,511 INFO tkc.normalizer:   entidad sintetizada por referencia: entity.zte.gpon.logical.gem_port
2026-07-01 11:57:04,512 INFO tkc.normalizer:   entidad sintetizada por referencia: entity.zte.gpon.hardware.sensor
2026-07-01 11:57:04,512 INFO tkc.normalizer:   entidad sintetizada por referencia: entity.zte.gpon.hardware.power_supply
2026-07-01 11:57:04,512 INFO tkc.normalizer:   entidad sintetizada por referencia: entity.zte.gpon.port.uplink_port
2026-07-01 11:57:04,512 INFO tkc.normalizer:   entidad sintetizada por referencia: entity.zte.gpon.logical.service_port
2026-07-01 11:57:04,538 INFO tkc.normalizer: Normalizer: 13 entidades, 13 aliases, 0 ambiguos
2026-07-01 11:57:15,552 INFO tkc.correlator: Correlator: 7 relaciones derivadas
2026-07-01 11:57:15,567 INFO tkc.validator: Validator: 9 conflictos/huérfanos registrados
2026-07-01 11:57:16,153 INFO tkc.writer: Catálogo escrito en catalog/zte/zxa10-c320/catalog-1.0.0
2026-07-01 11:57:16,154 INFO tkc.main: Catálogo generado en catalog/zte/zxa10-c320/catalog-1.0.0
2026-07-01 11:57:16,154 INFO tkc.main:   entities  : 13
2026-07-01 11:57:16,154 INFO tkc.main:   commands  : 4
2026-07-01 11:57:16,154 INFO tkc.main:   oids      : 1992
2026-07-01 11:57:16,154 INFO tkc.main:   relations : 7
2026-07-01 11:57:16,154 INFO tkc.main:   alarms    : 117
2026-07-01 11:57:16,154 INFO tkc.main:   conflicts : 0
2026-07-01 11:57:16,154 INFO tkc.main:   orphans   : 9
2026-07-01 11:57:16,155 INFO tkc.main: === Fase 2: validando con walk ZTE_C300.txt ===
2026-07-01 11:57:16,172 INFO tkc.walk_validator: WalkValidator: 1196 OIDs parseados de ZTE_C300.txt
2026-07-01 11:57:16,504 INFO tkc.walk_validator: WalkValidator: catálogo C300 enriquecido en catalog/zte/zxa10-c300/catalog-1.0.0
2026-07-01 11:57:16,508 INFO tkc.main: Catálogo enriquecido generado en catalog/zte/zxa10-c300/catalog-1.0.0
