2026-07-04 18:25:34,468 INFO tkc.main: === TKC pipeline iniciado (ZTE ZXA10 C320) ===
2026-07-04 18:25:34,470 INFO tkc.classifier: Classifier: 19 archivo(s) encontrado(s) en docs
2026-07-04 18:25:34,470 WARNING tkc.util: Tipo de archivo no soportado para lectura de texto: .gitkeep
2026-07-04 18:25:34,471 INFO tkc.classifier:   .gitkeep → vendor=None family=None doc_type=None conf=0.00 status=unclassified
2026-07-04 18:25:34,471 INFO tkc.classifier:   ZTE-AN-CHASSIS-MIB.mib → vendor=ZTE family=ZXA10 C320 doc_type=mib_file conf=1.00 status=classified
2026-07-04 18:25:34,472 INFO tkc.classifier:   ZTE-AN-ENVMON-MIB.mib → vendor=ZTE family=ZXA10 C320 doc_type=mib_file conf=1.00 status=classified
2026-07-04 18:25:34,473 INFO tkc.classifier:   ZTE-AN-GPON-ONUPRF-MIB.mib → vendor=ZTE family=ZXA10 C320 doc_type=mib_file conf=1.00 status=classified
2026-07-04 18:25:34,473 INFO tkc.classifier:   ZTE-AN-INTERFACE-BASE-MIB.mib → vendor=ZTE family=ZXA10 C320 doc_type=mib_file conf=1.00 status=classified
2026-07-04 18:25:34,473 INFO tkc.classifier:   ZTE-AN-OPTICAL-MODULE-MIB.mib → vendor=ZTE family=ZXA10 C320 doc_type=mib_file conf=1.00 status=classified
2026-07-04 18:25:34,474 INFO tkc.classifier:   ZTE-AN-OPTICAL-MODULE-PERF-MIB.mib → vendor=ZTE family=ZXA10 C320 doc_type=mib_file conf=1.00 status=classified
2026-07-04 18:25:34,474 INFO tkc.classifier:   ZTE-AN-PON-BASE-MIB.mib → vendor=ZTE family=ZXA10 C320 doc_type=mib_file conf=1.00 status=classified
2026-07-04 18:25:34,477 INFO tkc.classifier:   ZTE-AN-PON-PERF-MIB.mib → vendor=ZTE family=ZXA10 C320 doc_type=mib_file conf=1.00 status=classified
2026-07-04 18:25:34,477 INFO tkc.classifier:   ZTE-AN-SERVICE-PORT-MIB.mib → vendor=ZTE family=ZXA10 C320 doc_type=mib_file conf=1.00 status=classified
2026-07-04 18:25:34,477 INFO tkc.classifier:   ZTE-AN-SERVICE-PORT-PERF-MIB.mib → vendor=ZTE family=ZXA10 C320 doc_type=mib_file conf=1.00 status=classified
2026-07-04 18:25:34,477 INFO tkc.classifier:   ZTE-AN-SMI.mib → vendor=ZTE family=ZXA10 C320 doc_type=mib_file conf=1.00 status=classified
2026-07-04 18:25:34,478 INFO tkc.classifier:   ZTE-AN-SOFTWARE-MIB.mib → vendor=ZTE family=ZXA10 C320 doc_type=mib_file conf=1.00 status=classified
2026-07-04 18:25:34,478 INFO tkc.classifier:   ZTE-AN-TC-MIB.mib → vendor=ZTE family=ZXA10 C320 doc_type=mib_file conf=1.00 status=classified
2026-07-04 18:25:34,478 INFO tkc.classifier:   ZTE-AN-VLAN-MIB.mib → vendor=ZTE family=ZXA10 C320 doc_type=mib_file conf=1.00 status=classified
2026-07-04 18:25:34,479 INFO tkc.classifier:   ZXR10-ALARM-MIB.mib → vendor=ZTE family=ZXA10 C320 doc_type=mib_file conf=1.00 status=classified
2026-07-04 18:25:34,479 INFO tkc.classifier:   ZXR10-OPTICAL-ALARM-MIB.mib → vendor=ZTE family=ZXA10 C320 doc_type=mib_file conf=1.00 status=classified
2026-07-04 18:25:35,225 INFO tkc.classifier:   command_reference.pdf → vendor=ZTE family=ZXA10 C320 doc_type=command_reference conf=1.00 status=classified
2026-07-04 18:25:38,350 INFO tkc.classifier:   hardware_description.pdf → vendor=ZTE family=ZXA10 C320 doc_type=hardware_description conf=1.00 status=classified
2026-07-04 18:25:38,747 INFO tkc.extractor: Extractor: 2274 símbolos OID en la tabla global (resolución cruzada)
2026-07-04 18:25:38,747 WARNING tkc.extractor: Saltando documento unclassified: .gitkeep
2026-07-04 18:25:38,773 INFO tkc.extractor.mib: MibExtractor: 86 OBJECT-TYPE extraídos
2026-07-04 18:25:38,796 INFO tkc.extractor.mib: MibExtractor: 18 NOTIFICATION-TYPE → alarma(s)
2026-07-04 18:25:38,844 INFO tkc.extractor.mib: MibExtractor: 157 OBJECT-TYPE extraídos
2026-07-04 18:25:38,890 INFO tkc.extractor.mib: MibExtractor: 45 NOTIFICATION-TYPE → alarma(s)
2026-07-04 18:25:38,949 INFO tkc.extractor.mib: MibExtractor: 202 OBJECT-TYPE extraídos
2026-07-04 18:25:39,003 INFO tkc.extractor.mib: MibExtractor: 0 NOTIFICATION-TYPE → alarma(s)
2026-07-04 18:25:39,016 INFO tkc.extractor.mib: MibExtractor: 46 OBJECT-TYPE extraídos
2026-07-04 18:25:39,027 INFO tkc.extractor.mib: MibExtractor: 8 NOTIFICATION-TYPE → alarma(s)
2026-07-04 18:25:39,054 INFO tkc.extractor.mib: MibExtractor: 75 OBJECT-TYPE extraídos
2026-07-04 18:25:39,079 INFO tkc.extractor.mib: MibExtractor: 34 NOTIFICATION-TYPE → alarma(s)
2026-07-04 18:25:39,101 INFO tkc.extractor.mib: MibExtractor: 90 OBJECT-TYPE extraídos
2026-07-04 18:25:39,123 INFO tkc.extractor.mib: MibExtractor: 0 NOTIFICATION-TYPE → alarma(s)
2026-07-04 18:25:39,144 INFO tkc.extractor.mib: MibExtractor: 72 OBJECT-TYPE extraídos
2026-07-04 18:25:39,165 INFO tkc.extractor.mib: MibExtractor: 4 NOTIFICATION-TYPE → alarma(s)
2026-07-04 18:25:39,355 INFO tkc.extractor.mib: MibExtractor: 720 OBJECT-TYPE extraídos
2026-07-04 18:25:39,533 INFO tkc.extractor.mib: MibExtractor: 0 NOTIFICATION-TYPE → alarma(s)
2026-07-04 18:25:39,546 INFO tkc.extractor.mib: MibExtractor: 31 OBJECT-TYPE extraídos
2026-07-04 18:25:39,559 INFO tkc.extractor.mib: MibExtractor: 0 NOTIFICATION-TYPE → alarma(s)
2026-07-04 18:25:39,571 INFO tkc.extractor.mib: MibExtractor: 56 OBJECT-TYPE extraídos
2026-07-04 18:25:39,581 INFO tkc.extractor.mib: MibExtractor: 0 NOTIFICATION-TYPE → alarma(s)
2026-07-04 18:25:39,586 INFO tkc.extractor.mib: MibExtractor: 0 OBJECT-TYPE extraídos
2026-07-04 18:25:39,591 INFO tkc.extractor.mib: MibExtractor: 0 NOTIFICATION-TYPE → alarma(s)
2026-07-04 18:25:39,630 INFO tkc.extractor.mib: MibExtractor: 148 OBJECT-TYPE extraídos
2026-07-04 18:25:39,667 INFO tkc.extractor.mib: MibExtractor: 3 NOTIFICATION-TYPE → alarma(s)
2026-07-04 18:25:39,670 INFO tkc.extractor.mib: MibExtractor: 0 OBJECT-TYPE extraídos
2026-07-04 18:25:39,674 INFO tkc.extractor.mib: MibExtractor: 0 NOTIFICATION-TYPE → alarma(s)
2026-07-04 18:25:39,698 INFO tkc.extractor.mib: MibExtractor: 87 OBJECT-TYPE extraídos
2026-07-04 18:25:39,720 INFO tkc.extractor.mib: MibExtractor: 0 NOTIFICATION-TYPE → alarma(s)
2026-07-04 18:25:39,758 INFO tkc.extractor.mib: MibExtractor: 201 OBJECT-TYPE extraídos
2026-07-04 18:25:39,792 INFO tkc.extractor.mib: MibExtractor: 4 NOTIFICATION-TYPE → alarma(s)
2026-07-04 18:25:39,797 INFO tkc.extractor.mib: MibExtractor: 21 OBJECT-TYPE extraídos
2026-07-04 18:25:39,801 INFO tkc.extractor.mib: MibExtractor: 1 NOTIFICATION-TYPE → alarma(s)
2026-07-04 18:25:39,802 INFO tkc.extractor.cmd: CommandExtractor: 4 comando(s)
2026-07-04 18:25:39,897 INFO tkc.extractor.entity: EntityExtractor(hardware_description): 5 entidad(es)
2026-07-04 18:25:39,897 INFO tkc.extractor: Extractor: 5 entidades, 4 comandos, 1992 OIDs, 117 alarmas (brutos)
2026-07-04 18:25:39,897 INFO tkc.normalizer:   entidad sintetizada por referencia: entity.zte.gpon.logical.gem_port
2026-07-04 18:25:39,897 INFO tkc.normalizer:   entidad sintetizada por referencia: entity.zte.gpon.hardware.sensor
2026-07-04 18:25:39,897 INFO tkc.normalizer:   entidad sintetizada por referencia: entity.zte.gpon.hardware.power_supply
2026-07-04 18:25:39,897 INFO tkc.normalizer:   entidad sintetizada por referencia: entity.zte.gpon.hardware.optical_module
2026-07-04 18:25:39,897 INFO tkc.normalizer:   entidad sintetizada por referencia: entity.zte.gpon.logical.service_port
2026-07-04 18:25:39,897 INFO tkc.normalizer:   entidad sintetizada por referencia: entity.zte.gpon.device.olt
2026-07-04 18:25:39,897 INFO tkc.normalizer:   entidad sintetizada por referencia: entity.zte.gpon.port.uplink_port
2026-07-04 18:25:39,897 INFO tkc.normalizer:   entidad sintetizada por referencia: entity.zte.gpon.hardware.fan
2026-07-04 18:25:39,906 INFO tkc.normalizer: Normalizer: 13 entidades, 13 aliases, 0 ambiguos
2026-07-04 18:25:43,479 INFO tkc.correlator: Correlator: 7 relaciones derivadas
2026-07-04 18:25:43,484 INFO tkc.validator: Validator: 9 conflictos/huérfanos registrados
2026-07-04 18:25:43,698 INFO tkc.writer: Catálogo escrito en catalog/zte/zxa10-c320/catalog-1.0.0
2026-07-04 18:25:43,698 INFO tkc.main: Catálogo generado en catalog/zte/zxa10-c320/catalog-1.0.0
2026-07-04 18:25:43,698 INFO tkc.main:   entities  : 13
2026-07-04 18:25:43,698 INFO tkc.main:   commands  : 4
2026-07-04 18:25:43,698 INFO tkc.main:   oids      : 1992
2026-07-04 18:25:43,698 INFO tkc.main:   relations : 7
2026-07-04 18:25:43,698 INFO tkc.main:   alarms    : 117
2026-07-04 18:25:43,698 INFO tkc.main:   conflicts : 0
2026-07-04 18:25:43,698 INFO tkc.main:   orphans   : 9
2026-07-04 18:25:43,699 INFO tkc.main: === Fase 2: validando modelo ZTE_C300 con ZTE_C300.txt, ZTE_C300_entities.txt, ZTE_C300_ifnames.txt ===
2026-07-04 18:25:47,096 INFO tkc.walk_validator: WalkValidator: 663544 OIDs parseados de ZTE_C300.txt
2026-07-04 18:25:48,004 INFO tkc.walk_validator: WalkValidator: 10 OIDs parseados de ZTE_C300_entities.txt
2026-07-04 18:25:48,004 INFO tkc.walk_validator: WalkValidator: 3 entidades hardware confirmadas (entPhysicalTable)
2026-07-04 18:25:48,004 INFO tkc.walk_validator: WalkValidator: 41 OIDs parseados de ZTE_C300_ifnames.txt
2026-07-04 18:25:48,005 INFO tkc.walk_validator: WalkValidator: 0 índice(s) ASCII confirmados con el walk enterprise
2026-07-04 18:25:48,006 INFO tkc.walk_validator: WalkValidator: [accept] bitcalc_validation → fix aplicado a 23 OIDs ({'slot': '12-8', 'port': '4-0'})
2026-07-04 18:25:48,041 INFO tkc.walk_validator: WalkValidator: catálogo ZXA10 C300 enriquecido en catalog/zte/zxa10-c300/catalog-1.0.0
2026-07-04 18:25:48,084 INFO tkc.main: Catálogo enriquecido generado en catalog/zte/zxa10-c300/catalog-1.0.0
