2026-06-27 13:49:37,456 INFO tkc.main: === TKC pipeline iniciado (ZTE ZXA10 C320) ===
2026-06-27 13:49:37,457 INFO tkc.classifier: Classifier: 20 archivo(s) encontrado(s) en docs
2026-06-27 13:49:37,457 WARNING tkc.util: Tipo de archivo no soportado para lectura de texto: .gitkeep
2026-06-27 13:49:37,457 INFO tkc.classifier:   .gitkeep → vendor=None family=None doc_type=None conf=0.00 status=unclassified
2026-06-27 13:49:37,458 INFO tkc.classifier:   ZTE-AN-CHASSIS-MIB.mib → vendor=ZTE family=ZXA10 C320 doc_type=mib_file conf=1.00 status=classified
2026-06-27 13:49:37,459 INFO tkc.classifier:   ZTE-AN-ENVMON-MIB.mib → vendor=ZTE family=ZXA10 C320 doc_type=mib_file conf=1.00 status=classified
2026-06-27 13:49:37,459 INFO tkc.classifier:   ZTE-AN-GPON-ONUPRF-MIB.mib → vendor=ZTE family=ZXA10 C320 doc_type=mib_file conf=1.00 status=classified
2026-06-27 13:49:37,460 INFO tkc.classifier:   ZTE-AN-INTERFACE-BASE-MIB.mib → vendor=ZTE family=ZXA10 C320 doc_type=mib_file conf=1.00 status=classified
2026-06-27 13:49:37,460 INFO tkc.classifier:   ZTE-AN-OPTICAL-MODULE-MIB.mib → vendor=ZTE family=ZXA10 C320 doc_type=mib_file conf=1.00 status=classified
2026-06-27 13:49:37,460 INFO tkc.classifier:   ZTE-AN-OPTICAL-MODULE-PERF-MIB.mib → vendor=ZTE family=ZXA10 C320 doc_type=mib_file conf=1.00 status=classified
2026-06-27 13:49:37,461 INFO tkc.classifier:   ZTE-AN-PON-BASE-MIB.mib → vendor=ZTE family=ZXA10 C320 doc_type=mib_file conf=1.00 status=classified
2026-06-27 13:49:37,463 INFO tkc.classifier:   ZTE-AN-PON-PERF-MIB.mib → vendor=ZTE family=ZXA10 C320 doc_type=mib_file conf=1.00 status=classified
2026-06-27 13:49:37,464 INFO tkc.classifier:   ZTE-AN-SERVICE-PORT-MIB.mib → vendor=ZTE family=ZXA10 C320 doc_type=mib_file conf=1.00 status=classified
2026-06-27 13:49:37,464 INFO tkc.classifier:   ZTE-AN-SERVICE-PORT-PERF-MIB.mib → vendor=ZTE family=ZXA10 C320 doc_type=mib_file conf=1.00 status=classified
2026-06-27 13:49:37,464 INFO tkc.classifier:   ZTE-AN-SMI.mib → vendor=ZTE family=ZXA10 C320 doc_type=mib_file conf=1.00 status=classified
2026-06-27 13:49:37,465 INFO tkc.classifier:   ZTE-AN-SOFTWARE-MIB.mib → vendor=ZTE family=ZXA10 C320 doc_type=mib_file conf=1.00 status=classified
2026-06-27 13:49:37,465 INFO tkc.classifier:   ZTE-AN-TC-MIB.mib → vendor=ZTE family=ZXA10 C320 doc_type=mib_file conf=1.00 status=classified
2026-06-27 13:49:37,465 INFO tkc.classifier:   ZTE-AN-VLAN-MIB.mib → vendor=ZTE family=ZXA10 C320 doc_type=mib_file conf=1.00 status=classified
2026-06-27 13:49:37,466 INFO tkc.classifier:   ZXR10-ALARM-MIB.mib → vendor=ZTE family=ZXA10 C320 doc_type=mib_file conf=1.00 status=classified
2026-06-27 13:49:37,466 INFO tkc.classifier:   ZXR10-OPTICAL-ALARM-MIB.mib → vendor=ZTE family=ZXA10 C320 doc_type=mib_file conf=1.00 status=classified
2026-06-27 13:49:38,246 INFO tkc.classifier:   command_reference.pdf → vendor=ZTE family=ZXA10 C320 doc_type=command_reference conf=1.00 status=classified
2026-06-27 13:49:41,422 INFO tkc.classifier:   hardware_description.pdf → vendor=ZTE family=ZXA10 C320 doc_type=hardware_description conf=1.00 status=classified
2026-06-27 13:49:41,728 INFO tkc.classifier:   mib_specification.pdf → vendor=ZTE family=ZXA10 C320 doc_type=mib_specification conf=1.00 status=classified
2026-06-27 13:49:42,131 INFO tkc.extractor: Extractor: 2274 símbolos OID en la tabla global (resolución cruzada)
2026-06-27 13:49:42,131 WARNING tkc.extractor: Saltando documento unclassified: .gitkeep
2026-06-27 13:49:42,156 INFO tkc.extractor.mib: MibExtractor: 86 OBJECT-TYPE extraídos
2026-06-27 13:49:42,179 INFO tkc.extractor.mib: MibExtractor: 18 NOTIFICATION-TYPE → alarma(s)
2026-06-27 13:49:42,226 INFO tkc.extractor.mib: MibExtractor: 157 OBJECT-TYPE extraídos
2026-06-27 13:49:42,272 INFO tkc.extractor.mib: MibExtractor: 45 NOTIFICATION-TYPE → alarma(s)
2026-06-27 13:49:42,329 INFO tkc.extractor.mib: MibExtractor: 202 OBJECT-TYPE extraídos
2026-06-27 13:49:42,383 INFO tkc.extractor.mib: MibExtractor: 0 NOTIFICATION-TYPE → alarma(s)
2026-06-27 13:49:42,395 INFO tkc.extractor.mib: MibExtractor: 46 OBJECT-TYPE extraídos
2026-06-27 13:49:42,408 INFO tkc.extractor.mib: MibExtractor: 8 NOTIFICATION-TYPE → alarma(s)
2026-06-27 13:49:42,437 INFO tkc.extractor.mib: MibExtractor: 75 OBJECT-TYPE extraídos
2026-06-27 13:49:42,464 INFO tkc.extractor.mib: MibExtractor: 34 NOTIFICATION-TYPE → alarma(s)
2026-06-27 13:49:42,487 INFO tkc.extractor.mib: MibExtractor: 90 OBJECT-TYPE extraídos
2026-06-27 13:49:42,508 INFO tkc.extractor.mib: MibExtractor: 0 NOTIFICATION-TYPE → alarma(s)
2026-06-27 13:49:42,528 INFO tkc.extractor.mib: MibExtractor: 72 OBJECT-TYPE extraídos
2026-06-27 13:49:42,547 INFO tkc.extractor.mib: MibExtractor: 4 NOTIFICATION-TYPE → alarma(s)
2026-06-27 13:49:42,738 INFO tkc.extractor.mib: MibExtractor: 720 OBJECT-TYPE extraídos
2026-06-27 13:49:42,927 INFO tkc.extractor.mib: MibExtractor: 0 NOTIFICATION-TYPE → alarma(s)
2026-06-27 13:49:42,943 INFO tkc.extractor.mib: MibExtractor: 31 OBJECT-TYPE extraídos
2026-06-27 13:49:42,956 INFO tkc.extractor.mib: MibExtractor: 0 NOTIFICATION-TYPE → alarma(s)
2026-06-27 13:49:42,968 INFO tkc.extractor.mib: MibExtractor: 56 OBJECT-TYPE extraídos
2026-06-27 13:49:42,979 INFO tkc.extractor.mib: MibExtractor: 0 NOTIFICATION-TYPE → alarma(s)
2026-06-27 13:49:42,984 INFO tkc.extractor.mib: MibExtractor: 0 OBJECT-TYPE extraídos
2026-06-27 13:49:42,990 INFO tkc.extractor.mib: MibExtractor: 0 NOTIFICATION-TYPE → alarma(s)
2026-06-27 13:49:43,029 INFO tkc.extractor.mib: MibExtractor: 148 OBJECT-TYPE extraídos
2026-06-27 13:49:43,065 INFO tkc.extractor.mib: MibExtractor: 3 NOTIFICATION-TYPE → alarma(s)
2026-06-27 13:49:43,068 INFO tkc.extractor.mib: MibExtractor: 0 OBJECT-TYPE extraídos
2026-06-27 13:49:43,072 INFO tkc.extractor.mib: MibExtractor: 0 NOTIFICATION-TYPE → alarma(s)
2026-06-27 13:49:43,095 INFO tkc.extractor.mib: MibExtractor: 87 OBJECT-TYPE extraídos
2026-06-27 13:49:43,117 INFO tkc.extractor.mib: MibExtractor: 0 NOTIFICATION-TYPE → alarma(s)
2026-06-27 13:49:43,156 INFO tkc.extractor.mib: MibExtractor: 201 OBJECT-TYPE extraídos
2026-06-27 13:49:43,190 INFO tkc.extractor.mib: MibExtractor: 4 NOTIFICATION-TYPE → alarma(s)
2026-06-27 13:49:43,194 INFO tkc.extractor.mib: MibExtractor: 21 OBJECT-TYPE extraídos
2026-06-27 13:49:43,198 INFO tkc.extractor.mib: MibExtractor: 1 NOTIFICATION-TYPE → alarma(s)
2026-06-27 13:49:43,199 INFO tkc.extractor.cmd: CommandExtractor: 4 comando(s)
2026-06-27 13:49:43,292 INFO tkc.extractor.entity: EntityExtractor(hardware_description): 5 entidad(es)
2026-06-27 13:49:43,293 INFO tkc.extractor.entity: EntityExtractor(mib_specification): 0 entidad(es)
2026-06-27 13:49:43,294 INFO tkc.extractor.mib: MibExtractor: 0 OBJECT-TYPE extraídos
2026-06-27 13:49:43,294 INFO tkc.extractor: Extractor: 5 entidades, 4 comandos, 1992 OIDs, 117 alarmas (brutos)
2026-06-27 13:49:43,295 INFO tkc.normalizer:   entidad sintetizada por referencia: entity.zte.gpon.logical.gem_port
2026-06-27 13:49:43,295 INFO tkc.normalizer:   entidad sintetizada por referencia: entity.zte.gpon.logical.service_port
2026-06-27 13:49:43,295 INFO tkc.normalizer:   entidad sintetizada por referencia: entity.zte.gpon.device.olt
2026-06-27 13:49:43,295 INFO tkc.normalizer:   entidad sintetizada por referencia: entity.zte.gpon.port.uplink_port
2026-06-27 13:49:43,303 INFO tkc.normalizer: Normalizer: 9 entidades, 9 aliases, 0 ambiguos
2026-06-27 13:49:46,901 INFO tkc.correlator: Correlator: 7 relaciones derivadas
2026-06-27 13:49:46,906 INFO tkc.validator: Validator: 5 conflictos/huérfanos registrados
2026-06-27 13:49:46,992 INFO tkc.writer: Catálogo escrito en catalog/zte/zxa10-c320/catalog-1.0.0
2026-06-27 13:49:46,992 INFO tkc.main: Catálogo generado en catalog/zte/zxa10-c320/catalog-1.0.0
2026-06-27 13:49:46,992 INFO tkc.main:   entities  : 9
2026-06-27 13:49:46,992 INFO tkc.main:   commands  : 4
2026-06-27 13:49:46,992 INFO tkc.main:   oids      : 1992
2026-06-27 13:49:46,992 INFO tkc.main:   relations : 7
2026-06-27 13:49:46,992 INFO tkc.main:   alarms    : 117
2026-06-27 13:49:46,992 INFO tkc.main:   conflicts : 0
2026-06-27 13:49:46,992 INFO tkc.main:   orphans   : 5
