2026-07-05 01:58:45,739 INFO tkc.main: === TKC pipeline iniciado (ZTE ZXA10 C320) ===
2026-07-05 01:58:45,742 INFO tkc.classifier: Classifier: 20 archivo(s) encontrado(s) en docs
2026-07-05 01:58:45,742 WARNING tkc.util: Tipo de archivo no soportado para lectura de texto: .gitkeep
2026-07-05 01:58:45,743 INFO tkc.classifier:   .gitkeep → vendor=None family=None doc_type=None conf=0.00 status=unclassified
2026-07-05 01:58:45,743 INFO tkc.classifier:   ZTE-AN-CHASSIS-MIB.mib → vendor=ZTE family=ZXA10 C320 doc_type=mib_file conf=1.00 status=classified
2026-07-05 01:58:45,744 INFO tkc.classifier:   ZTE-AN-ENVMON-MIB.mib → vendor=ZTE family=ZXA10 C320 doc_type=mib_file conf=1.00 status=classified
2026-07-05 01:58:45,745 INFO tkc.classifier:   ZTE-AN-GPON-ONUPRF-MIB.mib → vendor=ZTE family=ZXA10 C320 doc_type=mib_file conf=1.00 status=classified
2026-07-05 01:58:45,745 INFO tkc.classifier:   ZTE-AN-INTERFACE-BASE-MIB.mib → vendor=ZTE family=ZXA10 C320 doc_type=mib_file conf=1.00 status=classified
2026-07-05 01:58:45,746 INFO tkc.classifier:   ZTE-AN-OPTICAL-MODULE-MIB.mib → vendor=ZTE family=ZXA10 C320 doc_type=mib_file conf=1.00 status=classified
2026-07-05 01:58:45,746 INFO tkc.classifier:   ZTE-AN-OPTICAL-MODULE-PERF-MIB.mib → vendor=ZTE family=ZXA10 C320 doc_type=mib_file conf=1.00 status=classified
2026-07-05 01:58:45,746 INFO tkc.classifier:   ZTE-AN-PON-BASE-MIB.mib → vendor=ZTE family=ZXA10 C320 doc_type=mib_file conf=1.00 status=classified
2026-07-05 01:58:45,749 INFO tkc.classifier:   ZTE-AN-PON-PERF-MIB.mib → vendor=ZTE family=ZXA10 C320 doc_type=mib_file conf=1.00 status=classified
2026-07-05 01:58:45,749 INFO tkc.classifier:   ZTE-AN-SERVICE-PORT-MIB.mib → vendor=ZTE family=ZXA10 C320 doc_type=mib_file conf=1.00 status=classified
2026-07-05 01:58:45,749 INFO tkc.classifier:   ZTE-AN-SERVICE-PORT-PERF-MIB.mib → vendor=ZTE family=ZXA10 C320 doc_type=mib_file conf=1.00 status=classified
2026-07-05 01:58:45,750 INFO tkc.classifier:   ZTE-AN-SMI.mib → vendor=ZTE family=ZXA10 C320 doc_type=mib_file conf=1.00 status=classified
2026-07-05 01:58:45,750 INFO tkc.classifier:   ZTE-AN-SOFTWARE-MIB.mib → vendor=ZTE family=ZXA10 C320 doc_type=mib_file conf=1.00 status=classified
2026-07-05 01:58:45,750 INFO tkc.classifier:   ZTE-AN-TC-MIB.mib → vendor=ZTE family=ZXA10 C320 doc_type=mib_file conf=1.00 status=classified
2026-07-05 01:58:45,751 INFO tkc.classifier:   ZTE-AN-VLAN-MIB.mib → vendor=ZTE family=ZXA10 C320 doc_type=mib_file conf=1.00 status=classified
2026-07-05 01:58:45,751 INFO tkc.classifier:   ZXR10-ALARM-MIB.mib → vendor=ZTE family=ZXA10 C320 doc_type=mib_file conf=1.00 status=classified
2026-07-05 01:58:45,752 INFO tkc.classifier:   ZXR10-OPTICAL-ALARM-MIB.mib → vendor=ZTE family=ZXA10 C320 doc_type=mib_file conf=1.00 status=classified
2026-07-05 01:58:46,477 INFO tkc.classifier:   command_reference.pdf → vendor=ZTE family=ZXA10 C320 doc_type=command_reference conf=1.00 status=classified
2026-07-05 01:58:46,477 INFO tkc.classifier:   command_reference_cli.txt → vendor=ZTE family=ZXA10 C320 doc_type=command_reference conf=1.00 status=classified
2026-07-05 01:58:49,438 INFO tkc.classifier:   hardware_description.pdf → vendor=ZTE family=ZXA10 C320 doc_type=hardware_description conf=1.00 status=classified
2026-07-05 01:58:49,830 INFO tkc.extractor: Extractor: 2274 símbolos OID en la tabla global (resolución cruzada)
2026-07-05 01:58:49,830 WARNING tkc.extractor: Saltando documento unclassified: .gitkeep
2026-07-05 01:58:49,855 INFO tkc.extractor.mib: MibExtractor: 86 OBJECT-TYPE extraídos
2026-07-05 01:58:49,879 INFO tkc.extractor.mib: MibExtractor: 18 NOTIFICATION-TYPE → alarma(s)
2026-07-05 01:58:49,926 INFO tkc.extractor.mib: MibExtractor: 157 OBJECT-TYPE extraídos
2026-07-05 01:58:49,970 INFO tkc.extractor.mib: MibExtractor: 45 NOTIFICATION-TYPE → alarma(s)
2026-07-05 01:58:50,028 INFO tkc.extractor.mib: MibExtractor: 202 OBJECT-TYPE extraídos
2026-07-05 01:58:50,080 INFO tkc.extractor.mib: MibExtractor: 0 NOTIFICATION-TYPE → alarma(s)
2026-07-05 01:58:50,093 INFO tkc.extractor.mib: MibExtractor: 46 OBJECT-TYPE extraídos
2026-07-05 01:58:50,104 INFO tkc.extractor.mib: MibExtractor: 8 NOTIFICATION-TYPE → alarma(s)
2026-07-05 01:58:50,130 INFO tkc.extractor.mib: MibExtractor: 75 OBJECT-TYPE extraídos
2026-07-05 01:58:50,155 INFO tkc.extractor.mib: MibExtractor: 34 NOTIFICATION-TYPE → alarma(s)
2026-07-05 01:58:50,176 INFO tkc.extractor.mib: MibExtractor: 90 OBJECT-TYPE extraídos
2026-07-05 01:58:50,196 INFO tkc.extractor.mib: MibExtractor: 0 NOTIFICATION-TYPE → alarma(s)
2026-07-05 01:58:50,216 INFO tkc.extractor.mib: MibExtractor: 72 OBJECT-TYPE extraídos
2026-07-05 01:58:50,235 INFO tkc.extractor.mib: MibExtractor: 4 NOTIFICATION-TYPE → alarma(s)
2026-07-05 01:58:50,416 INFO tkc.extractor.mib: MibExtractor: 720 OBJECT-TYPE extraídos
2026-07-05 01:58:50,591 INFO tkc.extractor.mib: MibExtractor: 0 NOTIFICATION-TYPE → alarma(s)
2026-07-05 01:58:50,604 INFO tkc.extractor.mib: MibExtractor: 31 OBJECT-TYPE extraídos
2026-07-05 01:58:50,617 INFO tkc.extractor.mib: MibExtractor: 0 NOTIFICATION-TYPE → alarma(s)
2026-07-05 01:58:50,627 INFO tkc.extractor.mib: MibExtractor: 56 OBJECT-TYPE extraídos
2026-07-05 01:58:50,638 INFO tkc.extractor.mib: MibExtractor: 0 NOTIFICATION-TYPE → alarma(s)
2026-07-05 01:58:50,643 INFO tkc.extractor.mib: MibExtractor: 0 OBJECT-TYPE extraídos
2026-07-05 01:58:50,648 INFO tkc.extractor.mib: MibExtractor: 0 NOTIFICATION-TYPE → alarma(s)
2026-07-05 01:58:50,685 INFO tkc.extractor.mib: MibExtractor: 148 OBJECT-TYPE extraídos
2026-07-05 01:58:50,720 INFO tkc.extractor.mib: MibExtractor: 3 NOTIFICATION-TYPE → alarma(s)
2026-07-05 01:58:50,724 INFO tkc.extractor.mib: MibExtractor: 0 OBJECT-TYPE extraídos
2026-07-05 01:58:50,727 INFO tkc.extractor.mib: MibExtractor: 0 NOTIFICATION-TYPE → alarma(s)
2026-07-05 01:58:50,750 INFO tkc.extractor.mib: MibExtractor: 87 OBJECT-TYPE extraídos
2026-07-05 01:58:50,771 INFO tkc.extractor.mib: MibExtractor: 0 NOTIFICATION-TYPE → alarma(s)
2026-07-05 01:58:50,808 INFO tkc.extractor.mib: MibExtractor: 201 OBJECT-TYPE extraídos
2026-07-05 01:58:50,841 INFO tkc.extractor.mib: MibExtractor: 4 NOTIFICATION-TYPE → alarma(s)
2026-07-05 01:58:50,845 INFO tkc.extractor.mib: MibExtractor: 21 OBJECT-TYPE extraídos
2026-07-05 01:58:50,849 INFO tkc.extractor.mib: MibExtractor: 1 NOTIFICATION-TYPE → alarma(s)
2026-07-05 01:58:50,849 INFO tkc.extractor.cmd: CommandExtractor: 0 comando(s)
2026-07-05 01:58:50,850 INFO tkc.extractor.cmd: CommandExtractor: 14 comando(s)
2026-07-05 01:58:51,089 INFO tkc.extractor.entity: EntityExtractor(hardware_description): 5 entidad(es)
2026-07-05 01:58:51,089 INFO tkc.extractor: Extractor: 5 entidades, 14 comandos, 1992 OIDs, 117 alarmas (brutos)
2026-07-05 01:58:51,090 INFO tkc.normalizer:   entidad sintetizada por referencia: entity.zte.gpon.hardware.power_supply
2026-07-05 01:58:51,090 INFO tkc.normalizer:   entidad sintetizada por referencia: entity.zte.gpon.logical.gem_port
2026-07-05 01:58:51,090 INFO tkc.normalizer:   entidad sintetizada por referencia: entity.zte.gpon.hardware.fan
2026-07-05 01:58:51,090 INFO tkc.normalizer:   entidad sintetizada por referencia: entity.zte.gpon.logical.service_port
2026-07-05 01:58:51,090 INFO tkc.normalizer:   entidad sintetizada por referencia: entity.zte.gpon.port.uplink_port
2026-07-05 01:58:51,090 INFO tkc.normalizer:   entidad sintetizada por referencia: entity.zte.gpon.device.olt
2026-07-05 01:58:51,090 INFO tkc.normalizer:   entidad sintetizada por referencia: entity.zte.gpon.hardware.optical_module
2026-07-05 01:58:51,090 INFO tkc.normalizer:   entidad sintetizada por referencia: entity.zte.gpon.hardware.sensor
2026-07-05 01:58:51,098 INFO tkc.normalizer: Normalizer: 13 entidades, 13 aliases, 0 ambiguos
2026-07-05 01:58:51,103 INFO tkc.correlator: Correlator: 7 relaciones derivadas
2026-07-05 01:58:51,108 INFO tkc.validator: Validator: 0 conflictos/huérfanos registrados
2026-07-05 01:58:51,165 INFO tkc.writer: Catálogo escrito en catalog/zte/zxa10-c320/catalog-1.0.0
2026-07-05 01:58:51,165 INFO tkc.main: Catálogo generado en catalog/zte/zxa10-c320/catalog-1.0.0
2026-07-05 01:58:51,165 INFO tkc.main:   entities  : 13
2026-07-05 01:58:51,165 INFO tkc.main:   commands  : 14
2026-07-05 01:58:51,165 INFO tkc.main:   oids      : 1992
2026-07-05 01:58:51,165 INFO tkc.main:   relations : 7
2026-07-05 01:58:51,165 INFO tkc.main:   alarms    : 117
2026-07-05 01:58:51,165 INFO tkc.main:   conflicts : 0
2026-07-05 01:58:51,165 INFO tkc.main:   orphans   : 0
2026-07-05 01:58:51,165 INFO tkc.main: === Fase 2: validando modelo ZTE_C300 con ZTE_C300.txt, ZTE_C300_entities.txt, ZTE_C300_ifnames.txt ===
2026-07-05 01:58:54,454 INFO tkc.walk_validator: WalkValidator: 663544 OIDs parseados de ZTE_C300.txt
2026-07-05 01:58:55,317 INFO tkc.walk_validator: WalkValidator: 10 OIDs parseados de ZTE_C300_entities.txt
2026-07-05 01:58:55,317 INFO tkc.walk_validator: WalkValidator: 3 entidades hardware confirmadas (entPhysicalTable)
2026-07-05 01:58:55,320 INFO tkc.walk_validator: WalkValidator: 943 OIDs parseados de ZTE_C300_ifnames.txt
2026-07-05 01:58:55,326 INFO tkc.walk_validator: WalkValidator: 0 índice(s) ASCII confirmados con el walk enterprise
2026-07-05 01:58:55,361 INFO tkc.walk_validator: WalkValidator: [accept] bitcalc_validation → fix aplicado a 23 OIDs ({'slot': '12-8', 'port': '4-0'})
2026-07-05 01:58:55,361 INFO tkc.walk_validator: WalkValidator: community snmp-olt-zte_reference_extract.txt → +12 OIDs / 0 degradados en ZXA10 C300
2026-07-05 01:58:55,362 INFO tkc.walk_validator: WalkValidator: community snmp-olt-zte_status_serial_columns.txt → +2 OIDs / 0 degradados en ZXA10 C300
2026-07-05 01:58:55,362 INFO tkc.walk_validator: WalkValidator: community snmp-olt-zte_walk_reconciliation.txt → +2 OIDs / 9 degradados en ZXA10 C300
2026-07-05 01:58:55,398 INFO tkc.walk_validator: WalkValidator: catálogo ZXA10 C300 enriquecido en catalog/zte/zxa10-c300/catalog-1.0.0
2026-07-05 01:58:55,441 INFO tkc.main: Catálogo enriquecido generado en catalog/zte/zxa10-c300/catalog-1.0.0
2026-07-05 01:58:55,441 INFO tkc.main: === Fase 2: validando modelo ZTE_C320 con ZTE_C320.txt, ZTE_C320_entities.txt, ZTE_C320_ifnames.txt ===
2026-07-05 01:58:59,391 INFO tkc.walk_validator: WalkValidator: 794550 OIDs parseados de ZTE_C320.txt
2026-07-05 01:59:00,386 INFO tkc.walk_validator: WalkValidator: 0 OIDs parseados de ZTE_C320_entities.txt
2026-07-05 01:59:00,387 INFO tkc.walk_validator: WalkValidator: 0 entidades hardware confirmadas (entPhysicalTable)
2026-07-05 01:59:00,389 INFO tkc.walk_validator: WalkValidator: 528 OIDs parseados de ZTE_C320_ifnames.txt
2026-07-05 01:59:00,389 INFO tkc.walk_validator: WalkValidator: 0 índice(s) ASCII confirmados con el walk enterprise
2026-07-05 01:59:00,434 INFO tkc.walk_validator: WalkValidator: community snmp-olt-zte_reference_extract.txt → +12 OIDs / 0 degradados en ZXA10 C320
2026-07-05 01:59:00,434 INFO tkc.walk_validator: WalkValidator: community snmp-olt-zte_status_serial_columns.txt → +2 OIDs / 0 degradados en ZXA10 C320
2026-07-05 01:59:00,435 INFO tkc.walk_validator: WalkValidator: community snmp-olt-zte_walk_reconciliation.txt → +2 OIDs / 9 degradados en ZXA10 C320
2026-07-05 01:59:00,471 INFO tkc.walk_validator: WalkValidator: catálogo ZXA10 C320 enriquecido en catalog/zte/zxa10-c320/catalog-1.0.0-validated
2026-07-05 01:59:00,525 INFO tkc.main: Catálogo enriquecido generado en catalog/zte/zxa10-c320/catalog-1.0.0-validated
