2026-07-05 01:48:15,156 INFO tkc.main: === TKC pipeline iniciado (ZTE ZXA10 C320) ===
2026-07-05 01:48:15,159 INFO tkc.classifier: Classifier: 19 archivo(s) encontrado(s) en docs
2026-07-05 01:48:15,159 WARNING tkc.util: Tipo de archivo no soportado para lectura de texto: .gitkeep
2026-07-05 01:48:15,160 INFO tkc.classifier:   .gitkeep → vendor=None family=None doc_type=None conf=0.00 status=unclassified
2026-07-05 01:48:15,160 INFO tkc.classifier:   ZTE-AN-CHASSIS-MIB.mib → vendor=ZTE family=ZXA10 C320 doc_type=mib_file conf=1.00 status=classified
2026-07-05 01:48:15,161 INFO tkc.classifier:   ZTE-AN-ENVMON-MIB.mib → vendor=ZTE family=ZXA10 C320 doc_type=mib_file conf=1.00 status=classified
2026-07-05 01:48:15,162 INFO tkc.classifier:   ZTE-AN-GPON-ONUPRF-MIB.mib → vendor=ZTE family=ZXA10 C320 doc_type=mib_file conf=1.00 status=classified
2026-07-05 01:48:15,162 INFO tkc.classifier:   ZTE-AN-INTERFACE-BASE-MIB.mib → vendor=ZTE family=ZXA10 C320 doc_type=mib_file conf=1.00 status=classified
2026-07-05 01:48:15,163 INFO tkc.classifier:   ZTE-AN-OPTICAL-MODULE-MIB.mib → vendor=ZTE family=ZXA10 C320 doc_type=mib_file conf=1.00 status=classified
2026-07-05 01:48:15,163 INFO tkc.classifier:   ZTE-AN-OPTICAL-MODULE-PERF-MIB.mib → vendor=ZTE family=ZXA10 C320 doc_type=mib_file conf=1.00 status=classified
2026-07-05 01:48:15,163 INFO tkc.classifier:   ZTE-AN-PON-BASE-MIB.mib → vendor=ZTE family=ZXA10 C320 doc_type=mib_file conf=1.00 status=classified
2026-07-05 01:48:15,166 INFO tkc.classifier:   ZTE-AN-PON-PERF-MIB.mib → vendor=ZTE family=ZXA10 C320 doc_type=mib_file conf=1.00 status=classified
2026-07-05 01:48:15,166 INFO tkc.classifier:   ZTE-AN-SERVICE-PORT-MIB.mib → vendor=ZTE family=ZXA10 C320 doc_type=mib_file conf=1.00 status=classified
2026-07-05 01:48:15,166 INFO tkc.classifier:   ZTE-AN-SERVICE-PORT-PERF-MIB.mib → vendor=ZTE family=ZXA10 C320 doc_type=mib_file conf=1.00 status=classified
2026-07-05 01:48:15,166 INFO tkc.classifier:   ZTE-AN-SMI.mib → vendor=ZTE family=ZXA10 C320 doc_type=mib_file conf=1.00 status=classified
2026-07-05 01:48:15,167 INFO tkc.classifier:   ZTE-AN-SOFTWARE-MIB.mib → vendor=ZTE family=ZXA10 C320 doc_type=mib_file conf=1.00 status=classified
2026-07-05 01:48:15,167 INFO tkc.classifier:   ZTE-AN-TC-MIB.mib → vendor=ZTE family=ZXA10 C320 doc_type=mib_file conf=1.00 status=classified
2026-07-05 01:48:15,168 INFO tkc.classifier:   ZTE-AN-VLAN-MIB.mib → vendor=ZTE family=ZXA10 C320 doc_type=mib_file conf=1.00 status=classified
2026-07-05 01:48:15,168 INFO tkc.classifier:   ZXR10-ALARM-MIB.mib → vendor=ZTE family=ZXA10 C320 doc_type=mib_file conf=1.00 status=classified
2026-07-05 01:48:15,168 INFO tkc.classifier:   ZXR10-OPTICAL-ALARM-MIB.mib → vendor=ZTE family=ZXA10 C320 doc_type=mib_file conf=1.00 status=classified
2026-07-05 01:48:15,878 INFO tkc.classifier:   command_reference.pdf → vendor=ZTE family=ZXA10 C320 doc_type=command_reference conf=1.00 status=classified
2026-07-05 01:48:18,851 INFO tkc.classifier:   hardware_description.pdf → vendor=ZTE family=ZXA10 C320 doc_type=hardware_description conf=1.00 status=classified
2026-07-05 01:48:19,245 INFO tkc.extractor: Extractor: 2274 símbolos OID en la tabla global (resolución cruzada)
2026-07-05 01:48:19,245 WARNING tkc.extractor: Saltando documento unclassified: .gitkeep
2026-07-05 01:48:19,271 INFO tkc.extractor.mib: MibExtractor: 86 OBJECT-TYPE extraídos
2026-07-05 01:48:19,293 INFO tkc.extractor.mib: MibExtractor: 18 NOTIFICATION-TYPE → alarma(s)
2026-07-05 01:48:19,341 INFO tkc.extractor.mib: MibExtractor: 157 OBJECT-TYPE extraídos
2026-07-05 01:48:19,387 INFO tkc.extractor.mib: MibExtractor: 45 NOTIFICATION-TYPE → alarma(s)
2026-07-05 01:48:19,442 INFO tkc.extractor.mib: MibExtractor: 202 OBJECT-TYPE extraídos
2026-07-05 01:48:19,494 INFO tkc.extractor.mib: MibExtractor: 0 NOTIFICATION-TYPE → alarma(s)
2026-07-05 01:48:19,507 INFO tkc.extractor.mib: MibExtractor: 46 OBJECT-TYPE extraídos
2026-07-05 01:48:19,518 INFO tkc.extractor.mib: MibExtractor: 8 NOTIFICATION-TYPE → alarma(s)
2026-07-05 01:48:19,545 INFO tkc.extractor.mib: MibExtractor: 75 OBJECT-TYPE extraídos
2026-07-05 01:48:19,570 INFO tkc.extractor.mib: MibExtractor: 34 NOTIFICATION-TYPE → alarma(s)
2026-07-05 01:48:19,591 INFO tkc.extractor.mib: MibExtractor: 90 OBJECT-TYPE extraídos
2026-07-05 01:48:19,610 INFO tkc.extractor.mib: MibExtractor: 0 NOTIFICATION-TYPE → alarma(s)
2026-07-05 01:48:19,631 INFO tkc.extractor.mib: MibExtractor: 72 OBJECT-TYPE extraídos
2026-07-05 01:48:19,650 INFO tkc.extractor.mib: MibExtractor: 4 NOTIFICATION-TYPE → alarma(s)
2026-07-05 01:48:19,835 INFO tkc.extractor.mib: MibExtractor: 720 OBJECT-TYPE extraídos
2026-07-05 01:48:20,013 INFO tkc.extractor.mib: MibExtractor: 0 NOTIFICATION-TYPE → alarma(s)
2026-07-05 01:48:20,027 INFO tkc.extractor.mib: MibExtractor: 31 OBJECT-TYPE extraídos
2026-07-05 01:48:20,040 INFO tkc.extractor.mib: MibExtractor: 0 NOTIFICATION-TYPE → alarma(s)
2026-07-05 01:48:20,051 INFO tkc.extractor.mib: MibExtractor: 56 OBJECT-TYPE extraídos
2026-07-05 01:48:20,061 INFO tkc.extractor.mib: MibExtractor: 0 NOTIFICATION-TYPE → alarma(s)
2026-07-05 01:48:20,066 INFO tkc.extractor.mib: MibExtractor: 0 OBJECT-TYPE extraídos
2026-07-05 01:48:20,071 INFO tkc.extractor.mib: MibExtractor: 0 NOTIFICATION-TYPE → alarma(s)
2026-07-05 01:48:20,109 INFO tkc.extractor.mib: MibExtractor: 148 OBJECT-TYPE extraídos
2026-07-05 01:48:20,144 INFO tkc.extractor.mib: MibExtractor: 3 NOTIFICATION-TYPE → alarma(s)
2026-07-05 01:48:20,148 INFO tkc.extractor.mib: MibExtractor: 0 OBJECT-TYPE extraídos
2026-07-05 01:48:20,151 INFO tkc.extractor.mib: MibExtractor: 0 NOTIFICATION-TYPE → alarma(s)
2026-07-05 01:48:20,174 INFO tkc.extractor.mib: MibExtractor: 87 OBJECT-TYPE extraídos
2026-07-05 01:48:20,195 INFO tkc.extractor.mib: MibExtractor: 0 NOTIFICATION-TYPE → alarma(s)
2026-07-05 01:48:20,232 INFO tkc.extractor.mib: MibExtractor: 201 OBJECT-TYPE extraídos
2026-07-05 01:48:20,265 INFO tkc.extractor.mib: MibExtractor: 4 NOTIFICATION-TYPE → alarma(s)
2026-07-05 01:48:20,269 INFO tkc.extractor.mib: MibExtractor: 21 OBJECT-TYPE extraídos
2026-07-05 01:48:20,273 INFO tkc.extractor.mib: MibExtractor: 1 NOTIFICATION-TYPE → alarma(s)
2026-07-05 01:48:20,273 INFO tkc.extractor.cmd: CommandExtractor: 4 comando(s)
2026-07-05 01:48:20,365 INFO tkc.extractor.entity: EntityExtractor(hardware_description): 5 entidad(es)
2026-07-05 01:48:20,365 INFO tkc.extractor: Extractor: 5 entidades, 4 comandos, 1992 OIDs, 117 alarmas (brutos)
2026-07-05 01:48:20,366 INFO tkc.normalizer:   entidad sintetizada por referencia: entity.zte.gpon.hardware.sensor
2026-07-05 01:48:20,366 INFO tkc.normalizer:   entidad sintetizada por referencia: entity.zte.gpon.logical.gem_port
2026-07-05 01:48:20,366 INFO tkc.normalizer:   entidad sintetizada por referencia: entity.zte.gpon.device.olt
2026-07-05 01:48:20,366 INFO tkc.normalizer:   entidad sintetizada por referencia: entity.zte.gpon.hardware.fan
2026-07-05 01:48:20,366 INFO tkc.normalizer:   entidad sintetizada por referencia: entity.zte.gpon.logical.service_port
2026-07-05 01:48:20,367 INFO tkc.normalizer:   entidad sintetizada por referencia: entity.zte.gpon.hardware.optical_module
2026-07-05 01:48:20,367 INFO tkc.normalizer:   entidad sintetizada por referencia: entity.zte.gpon.port.uplink_port
2026-07-05 01:48:20,367 INFO tkc.normalizer:   entidad sintetizada por referencia: entity.zte.gpon.hardware.power_supply
2026-07-05 01:48:20,375 INFO tkc.normalizer: Normalizer: 13 entidades, 13 aliases, 0 ambiguos
2026-07-05 01:48:23,736 INFO tkc.correlator: Correlator: 7 relaciones derivadas
2026-07-05 01:48:23,740 INFO tkc.validator: Validator: 1 conflictos/huérfanos registrados
2026-07-05 01:48:23,940 INFO tkc.writer: Catálogo escrito en catalog/zte/zxa10-c320/catalog-1.0.0
2026-07-05 01:48:23,940 INFO tkc.main: Catálogo generado en catalog/zte/zxa10-c320/catalog-1.0.0
2026-07-05 01:48:23,940 INFO tkc.main:   entities  : 13
2026-07-05 01:48:23,940 INFO tkc.main:   commands  : 4
2026-07-05 01:48:23,940 INFO tkc.main:   oids      : 1992
2026-07-05 01:48:23,940 INFO tkc.main:   relations : 7
2026-07-05 01:48:23,940 INFO tkc.main:   alarms    : 117
2026-07-05 01:48:23,940 INFO tkc.main:   conflicts : 0
2026-07-05 01:48:23,940 INFO tkc.main:   orphans   : 1
2026-07-05 01:48:23,940 INFO tkc.main: === Fase 2: validando modelo ZTE_C300 con ZTE_C300.txt, ZTE_C300_entities.txt, ZTE_C300_ifnames.txt ===
2026-07-05 01:48:27,243 INFO tkc.walk_validator: WalkValidator: 663544 OIDs parseados de ZTE_C300.txt
2026-07-05 01:48:28,101 INFO tkc.walk_validator: WalkValidator: 10 OIDs parseados de ZTE_C300_entities.txt
2026-07-05 01:48:28,101 INFO tkc.walk_validator: WalkValidator: 3 entidades hardware confirmadas (entPhysicalTable)
2026-07-05 01:48:28,105 INFO tkc.walk_validator: WalkValidator: 943 OIDs parseados de ZTE_C300_ifnames.txt
2026-07-05 01:48:28,106 INFO tkc.walk_validator: WalkValidator: 0 índice(s) ASCII confirmados con el walk enterprise
2026-07-05 01:48:28,141 INFO tkc.walk_validator: WalkValidator: [accept] bitcalc_validation → fix aplicado a 23 OIDs ({'slot': '12-8', 'port': '4-0'})
2026-07-05 01:48:28,141 INFO tkc.walk_validator: WalkValidator: community snmp-olt-zte_reference_extract.txt → +12 OIDs / 0 degradados en ZXA10 C300
2026-07-05 01:48:28,141 INFO tkc.walk_validator: WalkValidator: community snmp-olt-zte_status_serial_columns.txt → +2 OIDs / 0 degradados en ZXA10 C300
2026-07-05 01:48:28,142 INFO tkc.walk_validator: WalkValidator: community snmp-olt-zte_walk_reconciliation.txt → +2 OIDs / 9 degradados en ZXA10 C300
2026-07-05 01:48:28,176 INFO tkc.walk_validator: WalkValidator: catálogo ZXA10 C300 enriquecido en catalog/zte/zxa10-c300/catalog-1.0.0
2026-07-05 01:48:28,219 INFO tkc.main: Catálogo enriquecido generado en catalog/zte/zxa10-c300/catalog-1.0.0
2026-07-05 01:48:28,219 INFO tkc.main: === Fase 2: validando modelo ZTE_C320 con ZTE_C320.txt, ZTE_C320_entities.txt, ZTE_C320_ifnames.txt ===
2026-07-05 01:48:32,161 INFO tkc.walk_validator: WalkValidator: 794550 OIDs parseados de ZTE_C320.txt
2026-07-05 01:48:33,101 INFO tkc.walk_validator: WalkValidator: 0 OIDs parseados de ZTE_C320_entities.txt
2026-07-05 01:48:33,101 INFO tkc.walk_validator: WalkValidator: 0 entidades hardware confirmadas (entPhysicalTable)
2026-07-05 01:48:33,103 INFO tkc.walk_validator: WalkValidator: 528 OIDs parseados de ZTE_C320_ifnames.txt
2026-07-05 01:48:33,104 INFO tkc.walk_validator: WalkValidator: 0 índice(s) ASCII confirmados con el walk enterprise
2026-07-05 01:48:33,145 INFO tkc.walk_validator: WalkValidator: community snmp-olt-zte_reference_extract.txt → +12 OIDs / 0 degradados en ZXA10 C320
2026-07-05 01:48:33,145 INFO tkc.walk_validator: WalkValidator: community snmp-olt-zte_status_serial_columns.txt → +2 OIDs / 0 degradados en ZXA10 C320
2026-07-05 01:48:33,145 INFO tkc.walk_validator: WalkValidator: community snmp-olt-zte_walk_reconciliation.txt → +2 OIDs / 9 degradados en ZXA10 C320
2026-07-05 01:48:33,209 INFO tkc.walk_validator: WalkValidator: catálogo ZXA10 C320 enriquecido en catalog/zte/zxa10-c320/catalog-1.0.0-validated
2026-07-05 01:48:33,261 INFO tkc.main: Catálogo enriquecido generado en catalog/zte/zxa10-c320/catalog-1.0.0-validated
