2026-06-27 13:38:17,777 INFO tkc.main: === TKC pipeline iniciado (ZTE ZXA10 C320) ===
2026-06-27 13:38:17,778 INFO tkc.classifier: Classifier: 7 archivo(s) encontrado(s) en docs
2026-06-27 13:38:17,779 WARNING tkc.util: Tipo de archivo no soportado para lectura de texto: .gitkeep
2026-06-27 13:38:17,779 INFO tkc.classifier:   .gitkeep → vendor=None family=None doc_type=None conf=0.00 status=unclassified
2026-06-27 13:38:17,780 INFO tkc.classifier:   ZTE-AN-SMI.mib → vendor=ZTE family=ZXA10 C320 doc_type=mib_file conf=1.00 status=classified
2026-06-27 13:38:17,780 INFO tkc.classifier:   ZTE-AN-SOFTWARE-MIB.mib → vendor=ZTE family=ZXA10 C320 doc_type=mib_file conf=1.00 status=classified
2026-06-27 13:38:17,780 INFO tkc.classifier:   ZTE-AN-TC-MIB.mib → vendor=ZTE family=ZXA10 C320 doc_type=mib_file conf=1.00 status=classified
2026-06-27 13:38:18,557 INFO tkc.classifier:   command_reference.pdf → vendor=ZTE family=ZXA10 C320 doc_type=command_reference conf=1.00 status=classified
2026-06-27 13:38:21,840 INFO tkc.classifier:   hardware_description.pdf → vendor=ZTE family=ZXA10 C320 doc_type=hardware_description conf=1.00 status=classified
2026-06-27 13:38:22,146 INFO tkc.classifier:   mib_specification.pdf → vendor=ZTE family=ZXA10 C320 doc_type=mib_specification conf=1.00 status=classified
2026-06-27 13:38:22,182 INFO tkc.extractor: Extractor: 214 símbolos OID en la tabla global (resolución cruzada)
2026-06-27 13:38:22,182 WARNING tkc.extractor: Saltando documento unclassified: .gitkeep
2026-06-27 13:38:22,187 INFO tkc.extractor.mib: MibExtractor: 0 OBJECT-TYPE extraídos
2026-06-27 13:38:22,192 INFO tkc.extractor.mib: MibExtractor: 0 NOTIFICATION-TYPE → alarma(s)
2026-06-27 13:38:22,227 INFO tkc.extractor.mib: MibExtractor: 148 OBJECT-TYPE extraídos
2026-06-27 13:38:22,261 INFO tkc.extractor.mib: MibExtractor: 4 NOTIFICATION-TYPE → alarma(s)
2026-06-27 13:38:22,265 INFO tkc.extractor.mib: MibExtractor: 0 OBJECT-TYPE extraídos
2026-06-27 13:38:22,268 INFO tkc.extractor.mib: MibExtractor: 0 NOTIFICATION-TYPE → alarma(s)
2026-06-27 13:38:22,269 INFO tkc.extractor.cmd: CommandExtractor: 4 comando(s)
2026-06-27 13:38:22,364 INFO tkc.extractor.entity: EntityExtractor(hardware_description): 5 entidad(es)
2026-06-27 13:38:22,364 INFO tkc.extractor.entity: EntityExtractor(mib_specification): 0 entidad(es)
2026-06-27 13:38:22,366 INFO tkc.extractor.mib: MibExtractor: 0 OBJECT-TYPE extraídos
2026-06-27 13:38:22,366 INFO tkc.extractor: Extractor: 5 entidades, 4 comandos, 148 OIDs, 4 alarmas (brutos)
2026-06-27 13:38:22,366 INFO tkc.normalizer:   entidad sintetizada por referencia: entity.zte.gpon.device.olt
2026-06-27 13:38:22,367 INFO tkc.normalizer: Normalizer: 6 entidades, 6 aliases, 0 ambiguos
2026-06-27 13:38:22,620 INFO tkc.correlator: Correlator: 3 relaciones derivadas
2026-06-27 13:38:22,621 INFO tkc.validator: Validator: 2 conflictos/huérfanos registrados
2026-06-27 13:38:22,627 INFO tkc.writer: Catálogo escrito en catalog/zte/zxa10-c320/catalog-1.0.0
2026-06-27 13:38:22,627 INFO tkc.main: Catálogo generado en catalog/zte/zxa10-c320/catalog-1.0.0
2026-06-27 13:38:22,627 INFO tkc.main:   entities  : 6
2026-06-27 13:38:22,627 INFO tkc.main:   commands  : 4
2026-06-27 13:38:22,627 INFO tkc.main:   oids      : 148
2026-06-27 13:38:22,627 INFO tkc.main:   relations : 3
2026-06-27 13:38:22,627 INFO tkc.main:   alarms    : 4
2026-06-27 13:38:22,627 INFO tkc.main:   conflicts : 0
2026-06-27 13:38:22,627 INFO tkc.main:   orphans   : 2
