2026-06-27 14:02:07,310 INFO tkc.main: === TKC pipeline iniciado (ZTE ZXA10 C320) ===
2026-06-27 14:02:07,312 INFO tkc.classifier: Classifier: 19 archivo(s) encontrado(s) en docs
2026-06-27 14:02:07,312 WARNING tkc.util: Tipo de archivo no soportado para lectura de texto: .gitkeep
2026-06-27 14:02:07,313 INFO tkc.classifier:   .gitkeep → vendor=None family=None doc_type=None conf=0.00 status=unclassified
2026-06-27 14:02:07,314 INFO tkc.classifier:   ZTE-AN-CHASSIS-MIB.mib → vendor=ZTE family=ZXA10 C320 doc_type=mib_file conf=1.00 status=classified
2026-06-27 14:02:07,315 INFO tkc.classifier:   ZTE-AN-ENVMON-MIB.mib → vendor=ZTE family=ZXA10 C320 doc_type=mib_file conf=1.00 status=classified
2026-06-27 14:02:07,317 INFO tkc.classifier:   ZTE-AN-GPON-ONUPRF-MIB.mib → vendor=ZTE family=ZXA10 C320 doc_type=mib_file conf=1.00 status=classified
2026-06-27 14:02:07,317 INFO tkc.classifier:   ZTE-AN-INTERFACE-BASE-MIB.mib → vendor=ZTE family=ZXA10 C320 doc_type=mib_file conf=1.00 status=classified
2026-06-27 14:02:07,318 INFO tkc.classifier:   ZTE-AN-OPTICAL-MODULE-MIB.mib → vendor=ZTE family=ZXA10 C320 doc_type=mib_file conf=1.00 status=classified
2026-06-27 14:02:07,318 INFO tkc.classifier:   ZTE-AN-OPTICAL-MODULE-PERF-MIB.mib → vendor=ZTE family=ZXA10 C320 doc_type=mib_file conf=1.00 status=classified
2026-06-27 14:02:07,319 INFO tkc.classifier:   ZTE-AN-PON-BASE-MIB.mib → vendor=ZTE family=ZXA10 C320 doc_type=mib_file conf=1.00 status=classified
2026-06-27 14:02:07,321 INFO tkc.classifier:   ZTE-AN-PON-PERF-MIB.mib → vendor=ZTE family=ZXA10 C320 doc_type=mib_file conf=1.00 status=classified
2026-06-27 14:02:07,322 INFO tkc.classifier:   ZTE-AN-SERVICE-PORT-MIB.mib → vendor=ZTE family=ZXA10 C320 doc_type=mib_file conf=1.00 status=classified
2026-06-27 14:02:07,322 INFO tkc.classifier:   ZTE-AN-SERVICE-PORT-PERF-MIB.mib → vendor=ZTE family=ZXA10 C320 doc_type=mib_file conf=1.00 status=classified
2026-06-27 14:02:07,322 INFO tkc.classifier:   ZTE-AN-SMI.mib → vendor=ZTE family=ZXA10 C320 doc_type=mib_file conf=1.00 status=classified
2026-06-27 14:02:07,323 INFO tkc.classifier:   ZTE-AN-SOFTWARE-MIB.mib → vendor=ZTE family=ZXA10 C320 doc_type=mib_file conf=1.00 status=classified
2026-06-27 14:02:07,323 INFO tkc.classifier:   ZTE-AN-TC-MIB.mib → vendor=ZTE family=ZXA10 C320 doc_type=mib_file conf=1.00 status=classified
2026-06-27 14:02:07,323 INFO tkc.classifier:   ZTE-AN-VLAN-MIB.mib → vendor=ZTE family=ZXA10 C320 doc_type=mib_file conf=1.00 status=classified
2026-06-27 14:02:07,324 INFO tkc.classifier:   ZXR10-ALARM-MIB.mib → vendor=ZTE family=ZXA10 C320 doc_type=mib_file conf=1.00 status=classified
2026-06-27 14:02:07,324 INFO tkc.classifier:   ZXR10-OPTICAL-ALARM-MIB.mib → vendor=ZTE family=ZXA10 C320 doc_type=mib_file conf=1.00 status=classified
2026-06-27 14:02:08,077 INFO tkc.classifier:   command_reference.pdf → vendor=ZTE family=ZXA10 C320 doc_type=command_reference conf=1.00 status=classified
2026-06-27 14:02:11,211 INFO tkc.classifier:   hardware_description.pdf → vendor=ZTE family=ZXA10 C320 doc_type=hardware_description conf=1.00 status=classified
2026-06-27 14:02:11,618 INFO tkc.extractor: Extractor: 2274 símbolos OID en la tabla global (resolución cruzada)
2026-06-27 14:02:11,619 WARNING tkc.extractor: Saltando documento unclassified: .gitkeep
2026-06-27 14:02:11,644 INFO tkc.extractor.mib: MibExtractor: 86 OBJECT-TYPE extraídos
2026-06-27 14:02:11,668 INFO tkc.extractor.mib: MibExtractor: 18 NOTIFICATION-TYPE → alarma(s)
2026-06-27 14:02:11,717 INFO tkc.extractor.mib: MibExtractor: 157 OBJECT-TYPE extraídos
2026-06-27 14:02:11,764 INFO tkc.extractor.mib: MibExtractor: 45 NOTIFICATION-TYPE → alarma(s)
2026-06-27 14:02:11,824 INFO tkc.extractor.mib: MibExtractor: 202 OBJECT-TYPE extraídos
2026-06-27 14:02:11,879 INFO tkc.extractor.mib: MibExtractor: 0 NOTIFICATION-TYPE → alarma(s)
2026-06-27 14:02:11,892 INFO tkc.extractor.mib: MibExtractor: 46 OBJECT-TYPE extraídos
2026-06-27 14:02:11,903 INFO tkc.extractor.mib: MibExtractor: 8 NOTIFICATION-TYPE → alarma(s)
2026-06-27 14:02:11,930 INFO tkc.extractor.mib: MibExtractor: 75 OBJECT-TYPE extraídos
2026-06-27 14:02:11,956 INFO tkc.extractor.mib: MibExtractor: 34 NOTIFICATION-TYPE → alarma(s)
2026-06-27 14:02:11,979 INFO tkc.extractor.mib: MibExtractor: 90 OBJECT-TYPE extraídos
2026-06-27 14:02:12,000 INFO tkc.extractor.mib: MibExtractor: 0 NOTIFICATION-TYPE → alarma(s)
2026-06-27 14:02:12,021 INFO tkc.extractor.mib: MibExtractor: 72 OBJECT-TYPE extraídos
2026-06-27 14:02:12,041 INFO tkc.extractor.mib: MibExtractor: 4 NOTIFICATION-TYPE → alarma(s)
2026-06-27 14:02:12,230 INFO tkc.extractor.mib: MibExtractor: 720 OBJECT-TYPE extraídos
2026-06-27 14:02:12,411 INFO tkc.extractor.mib: MibExtractor: 0 NOTIFICATION-TYPE → alarma(s)
2026-06-27 14:02:12,425 INFO tkc.extractor.mib: MibExtractor: 31 OBJECT-TYPE extraídos
2026-06-27 14:02:12,438 INFO tkc.extractor.mib: MibExtractor: 0 NOTIFICATION-TYPE → alarma(s)
2026-06-27 14:02:12,450 INFO tkc.extractor.mib: MibExtractor: 56 OBJECT-TYPE extraídos
2026-06-27 14:02:12,460 INFO tkc.extractor.mib: MibExtractor: 0 NOTIFICATION-TYPE → alarma(s)
2026-06-27 14:02:12,466 INFO tkc.extractor.mib: MibExtractor: 0 OBJECT-TYPE extraídos
2026-06-27 14:02:12,471 INFO tkc.extractor.mib: MibExtractor: 0 NOTIFICATION-TYPE → alarma(s)
2026-06-27 14:02:12,512 INFO tkc.extractor.mib: MibExtractor: 148 OBJECT-TYPE extraídos
2026-06-27 14:02:12,550 INFO tkc.extractor.mib: MibExtractor: 3 NOTIFICATION-TYPE → alarma(s)
2026-06-27 14:02:12,553 INFO tkc.extractor.mib: MibExtractor: 0 OBJECT-TYPE extraídos
2026-06-27 14:02:12,557 INFO tkc.extractor.mib: MibExtractor: 0 NOTIFICATION-TYPE → alarma(s)
2026-06-27 14:02:12,581 INFO tkc.extractor.mib: MibExtractor: 87 OBJECT-TYPE extraídos
2026-06-27 14:02:12,603 INFO tkc.extractor.mib: MibExtractor: 0 NOTIFICATION-TYPE → alarma(s)
2026-06-27 14:02:12,642 INFO tkc.extractor.mib: MibExtractor: 201 OBJECT-TYPE extraídos
2026-06-27 14:02:12,677 INFO tkc.extractor.mib: MibExtractor: 4 NOTIFICATION-TYPE → alarma(s)
2026-06-27 14:02:12,681 INFO tkc.extractor.mib: MibExtractor: 21 OBJECT-TYPE extraídos
2026-06-27 14:02:12,685 INFO tkc.extractor.mib: MibExtractor: 1 NOTIFICATION-TYPE → alarma(s)
2026-06-27 14:02:12,686 INFO tkc.extractor.cmd: CommandExtractor: 4 comando(s)
2026-06-27 14:02:12,781 INFO tkc.extractor.entity: EntityExtractor(hardware_description): 5 entidad(es)
2026-06-27 14:02:12,781 INFO tkc.extractor: Extractor: 5 entidades, 4 comandos, 1992 OIDs, 117 alarmas (brutos)
2026-06-27 14:02:12,781 INFO tkc.normalizer:   entidad sintetizada por referencia: entity.zte.gpon.device.olt
2026-06-27 14:02:12,781 INFO tkc.normalizer:   entidad sintetizada por referencia: entity.zte.gpon.port.uplink_port
2026-06-27 14:02:12,781 INFO tkc.normalizer:   entidad sintetizada por referencia: entity.zte.gpon.hardware.optical_module
2026-06-27 14:02:12,781 INFO tkc.normalizer:   entidad sintetizada por referencia: entity.zte.gpon.logical.gem_port
2026-06-27 14:02:12,781 INFO tkc.normalizer:   entidad sintetizada por referencia: entity.zte.gpon.hardware.power_supply
2026-06-27 14:02:12,781 INFO tkc.normalizer:   entidad sintetizada por referencia: entity.zte.gpon.logical.service_port
2026-06-27 14:02:12,782 INFO tkc.normalizer:   entidad sintetizada por referencia: entity.zte.gpon.hardware.sensor
2026-06-27 14:02:12,782 INFO tkc.normalizer:   entidad sintetizada por referencia: entity.zte.gpon.hardware.fan
2026-06-27 14:02:12,790 INFO tkc.normalizer: Normalizer: 13 entidades, 13 aliases, 0 ambiguos
2026-06-27 14:02:16,333 INFO tkc.correlator: Correlator: 7 relaciones derivadas
2026-06-27 14:02:16,337 INFO tkc.validator: Validator: 9 conflictos/huérfanos registrados
2026-06-27 14:02:16,574 INFO tkc.writer: Catálogo escrito en catalog/zte/zxa10-c320/catalog-1.0.0
2026-06-27 14:02:16,574 INFO tkc.main: Catálogo generado en catalog/zte/zxa10-c320/catalog-1.0.0
2026-06-27 14:02:16,574 INFO tkc.main:   entities  : 13
2026-06-27 14:02:16,574 INFO tkc.main:   commands  : 4
2026-06-27 14:02:16,574 INFO tkc.main:   oids      : 1992
2026-06-27 14:02:16,574 INFO tkc.main:   relations : 7
2026-06-27 14:02:16,574 INFO tkc.main:   alarms    : 117
2026-06-27 14:02:16,574 INFO tkc.main:   conflicts : 0
2026-06-27 14:02:16,574 INFO tkc.main:   orphans   : 9
